2025-05-15 00:00:37 [INFO]: [POST] /assistant/ask
2025-05-15 00:18:21 [INFO]: 🚀 Auth-Backend lancé sur http://localhost:4002
2025-05-15 00:18:28 [INFO]: [GET] /assistant/bots
2025-05-15 00:18:29 [INFO]: [GET] /assistant/bots
2025-05-15 00:18:29 [INFO]: [GET] /assistant/bots
2025-05-15 00:18:29 [INFO]: [GET] /assistant/bots
2025-05-15 00:18:33 [INFO]: [GET] /assistant/bots
2025-05-15 00:18:33 [INFO]: [GET] /assistant/bots
2025-05-15 00:18:33 [INFO]: [GET] /assistant/bots
2025-05-15 00:18:33 [INFO]: [GET] /assistant/bots
2025-05-15 00:18:46 [INFO]: [POST] /assistant/ask
2025-05-15 00:19:12 [INFO]: [GET] /user/me
2025-05-15 00:19:12 [INFO]: 🔑 Token reçu :
2025-05-15 00:19:12 [INFO]: 🔓 Token valide, utilisateur authentifié avec rôle :
2025-05-15 00:19:12 [INFO]: ✅ Nombre de licences pour l'utilisateur 08aac309-cd9f-41cb-860c-2429aa3a24a8 : 0
2025-05-15 00:19:12 [INFO]: ✅ Données utilisateur final :
2025-05-15 00:19:12 [INFO]: ✅ Données utilisateur récupérées :
2025-05-15 00:19:12 [INFO]: [GET] /user/me
2025-05-15 00:19:12 [INFO]: 🔑 Token reçu :
2025-05-15 00:19:12 [INFO]: 🔓 Token valide, utilisateur authentifié avec rôle :
2025-05-15 00:19:12 [INFO]: ✅ Nombre de licences pour l'utilisateur 08aac309-cd9f-41cb-860c-2429aa3a24a8 : 0
2025-05-15 00:19:12 [INFO]: ✅ Données utilisateur final :
2025-05-15 00:19:12 [INFO]: ✅ Données utilisateur récupérées :
2025-05-15 00:21:14 [INFO]: [GET] /user/me
2025-05-15 00:21:14 [INFO]: 🔑 Token reçu :
2025-05-15 00:21:14 [INFO]: 🔓 Token valide, utilisateur authentifié avec rôle :
2025-05-15 00:21:14 [INFO]: ✅ Nombre de licences pour l'utilisateur 08aac309-cd9f-41cb-860c-2429aa3a24a8 : 0
2025-05-15 00:21:14 [INFO]: ✅ Données utilisateur final :
2025-05-15 00:21:14 [INFO]: ✅ Données utilisateur récupérées :
2025-05-15 00:21:14 [INFO]: [GET] /user/me
2025-05-15 00:21:14 [INFO]: 🔑 Token reçu :
2025-05-15 00:21:14 [INFO]: 🔓 Token valide, utilisateur authentifié avec rôle :
2025-05-15 00:21:14 [INFO]: ✅ Nombre de licences pour l'utilisateur 08aac309-cd9f-41cb-860c-2429aa3a24a8 : 0
2025-05-15 00:21:14 [INFO]: ✅ Données utilisateur final :
2025-05-15 00:21:14 [INFO]: ✅ Données utilisateur récupérées :
2025-05-15 00:21:20 [INFO]: [GET] /user
2025-05-15 00:21:20 [INFO]: 🔑 Token reçu :
2025-05-15 00:21:20 [INFO]: 🔓 Token valide, utilisateur authentifié avec rôle :
2025-05-15 00:21:20 [INFO]: ✅ Nombre de licences pour l'utilisateur 08aac309-cd9f-41cb-860c-2429aa3a24a8 : 0
2025-05-15 00:21:20 [INFO]: ✅ Nombre de licences pour l'utilisateur f8097944-4082-4ba4-ac8c-c24fb96dcf4b : 0
2025-05-15 00:21:20 [INFO]: ✅ Nombre de licences pour l'utilisateur fabaef3e-5558-463f-82b3-f72430c1dd2d : 4
2025-05-15 00:21:20 [INFO]: ✅ Liste des utilisateurs avec licences récupérée :
2025-05-15 00:21:23 [INFO]: [GET] /assistant/bots
2025-05-15 00:21:23 [INFO]: [GET] /assistant/bots
2025-05-15 00:21:25 [INFO]: [GET] /assistant/bots
2025-05-15 00:21:25 [INFO]: [GET] /assistant/bots
2025-05-15 00:21:25 [INFO]: [GET] /assistant/bots
2025-05-15 00:21:25 [INFO]: [GET] /assistant/bots
2025-05-15 00:24:48 [INFO]: 🚀 Auth-Backend lancé sur http://localhost:4002
2025-05-15 00:24:54 [INFO]: [GET] /assistant/bots
2025-05-15 00:24:54 [INFO]: [GET] /assistant/bots
2025-05-15 00:24:54 [INFO]: [GET] /assistant/bots
2025-05-15 00:24:54 [INFO]: [GET] /assistant/bots
2025-05-15 00:25:00 [INFO]: [POST] /assistant/ask
2025-05-15 00:29:06 [INFO]: [GET] /assistant/bots
2025-05-15 00:29:06 [INFO]: [GET] /assistant/bots
2025-05-15 00:29:06 [INFO]: [GET] /assistant/bots
2025-05-15 00:29:06 [INFO]: [GET] /assistant/bots
2025-05-15 00:29:09 [INFO]: [POST] /assistant/ask
2025-05-15 00:29:27 [INFO]: 🚀 Auth-Backend lancé sur http://localhost:4002
2025-05-15 00:29:30 [INFO]: [GET] /assistant/bots
2025-05-15 00:29:30 [INFO]: [GET] /assistant/bots
2025-05-15 00:29:30 [INFO]: [GET] /assistant/bots
2025-05-15 00:29:30 [INFO]: [GET] /assistant/bots
2025-05-15 00:29:33 [INFO]: [POST] /assistant/ask
2025-05-15 00:32:21 [INFO]: 🚀 Auth-Backend lancé sur http://localhost:4002
2025-05-15 00:32:27 [INFO]: [GET] /assistant/bots
2025-05-15 00:32:27 [INFO]: [GET] /assistant/bots
2025-05-15 00:32:28 [INFO]: [GET] /assistant/bots
2025-05-15 00:32:28 [INFO]: [GET] /assistant/bots
2025-05-15 00:32:30 [INFO]: [GET] /user/me
2025-05-15 00:32:30 [INFO]: 🔑 Token reçu :
2025-05-15 00:32:30 [INFO]: 🔓 Token valide, utilisateur authentifié avec rôle :
2025-05-15 00:32:30 [INFO]: ✅ Nombre de licences pour l'utilisateur 08aac309-cd9f-41cb-860c-2429aa3a24a8 : 0
2025-05-15 00:32:30 [INFO]: ✅ Données utilisateur final :
2025-05-15 00:32:30 [INFO]: ✅ Données utilisateur récupérées :
2025-05-15 00:32:30 [INFO]: [GET] /user/me
2025-05-15 00:32:30 [INFO]: 🔑 Token reçu :
2025-05-15 00:32:30 [INFO]: 🔓 Token valide, utilisateur authentifié avec rôle :
2025-05-15 00:32:30 [INFO]: ✅ Nombre de licences pour l'utilisateur 08aac309-cd9f-41cb-860c-2429aa3a24a8 : 0
2025-05-15 00:32:30 [INFO]: ✅ Données utilisateur final :
2025-05-15 00:32:30 [INFO]: ✅ Données utilisateur récupérées :
2025-05-15 00:32:38 [INFO]: [GET] /user
2025-05-15 00:32:38 [INFO]: 🔑 Token reçu :
2025-05-15 00:32:38 [INFO]: 🔓 Token valide, utilisateur authentifié avec rôle :
2025-05-15 00:32:38 [INFO]: ✅ Nombre de licences pour l'utilisateur 08aac309-cd9f-41cb-860c-2429aa3a24a8 : 0
2025-05-15 00:32:38 [INFO]: ✅ Nombre de licences pour l'utilisateur fabaef3e-5558-463f-82b3-f72430c1dd2d : 4
2025-05-15 00:32:38 [INFO]: ✅ Nombre de licences pour l'utilisateur f8097944-4082-4ba4-ac8c-c24fb96dcf4b : 0
2025-05-15 00:32:38 [INFO]: ✅ Liste des utilisateurs avec licences récupérée :
2025-05-15 00:32:40 [INFO]: [GET] /assistant/bots
2025-05-15 00:32:40 [INFO]: [GET] /assistant/bots
2025-05-15 00:32:41 [INFO]: [GET] /assistant/bots
2025-05-15 00:32:41 [INFO]: [GET] /assistant/bots
2025-05-15 00:32:41 [INFO]: [GET] /assistant/bots
2025-05-15 00:32:41 [INFO]: [GET] /assistant/bots
2025-05-15 00:32:45 [INFO]: [POST] /assistant/ask
2025-05-15 00:35:32 [INFO]: 🚀 Auth-Backend lancé sur http://localhost:4002
2025-05-15 00:35:35 [INFO]: [GET] /assistant/bots
2025-05-15 00:35:36 [INFO]: [GET] /assistant/bots
2025-05-15 00:35:36 [INFO]: [GET] /assistant/bots
2025-05-15 00:35:36 [INFO]: [GET] /assistant/bots
2025-05-15 00:35:42 [INFO]: [POST] /assistant/ask
2025-05-15 00:36:09 [INFO]: [POST] /assistant/ask
2025-05-15 00:42:39 [INFO]: 🚀 Auth-Backend lancé sur http://localhost:4002
2025-05-15 00:42:49 [INFO]: [POST] /auth/login
2025-05-15 00:42:52 [INFO]: [GET] /user
2025-05-15 00:42:52 [INFO]: 🔑 Token reçu :
2025-05-15 00:42:52 [INFO]: 🔓 Token valide, utilisateur authentifié avec rôle :
2025-05-15 00:42:52 [INFO]: ✅ Nombre de licences pour l'utilisateur 08aac309-cd9f-41cb-860c-2429aa3a24a8 : 0
2025-05-15 00:42:52 [INFO]: ✅ Nombre de licences pour l'utilisateur fabaef3e-5558-463f-82b3-f72430c1dd2d : 4
2025-05-15 00:42:52 [INFO]: ✅ Nombre de licences pour l'utilisateur f8097944-4082-4ba4-ac8c-c24fb96dcf4b : 0
2025-05-15 00:42:52 [INFO]: ✅ Liste des utilisateurs avec licences récupérée :
2025-05-15 00:42:53 [INFO]: [GET] /assistant/bots
2025-05-15 00:42:53 [INFO]: [GET] /assistant/bots
2025-05-15 00:42:55 [INFO]: [GET] /user/me
2025-05-15 00:42:55 [INFO]: 🔑 Token reçu :
2025-05-15 00:42:55 [INFO]: 🔓 Token valide, utilisateur authentifié avec rôle :
2025-05-15 00:42:55 [INFO]: ✅ Nombre de licences pour l'utilisateur 08aac309-cd9f-41cb-860c-2429aa3a24a8 : 0
2025-05-15 00:42:55 [INFO]: ✅ Données utilisateur final :
2025-05-15 00:42:55 [INFO]: ✅ Données utilisateur récupérées :
2025-05-15 00:42:55 [INFO]: [GET] /user/me
2025-05-15 00:42:55 [INFO]: 🔑 Token reçu :
2025-05-15 00:42:55 [INFO]: 🔓 Token valide, utilisateur authentifié avec rôle :
2025-05-15 00:42:55 [INFO]: ✅ Nombre de licences pour l'utilisateur 08aac309-cd9f-41cb-860c-2429aa3a24a8 : 0
2025-05-15 00:42:55 [INFO]: ✅ Données utilisateur final :
2025-05-15 00:42:55 [INFO]: ✅ Données utilisateur récupérées :
2025-05-15 00:42:58 [INFO]: [GET] /assistant/bots
2025-05-15 00:42:58 [INFO]: [GET] /assistant/bots
2025-05-15 00:42:58 [INFO]: [GET] /assistant/bots
2025-05-15 00:42:58 [INFO]: [GET] /assistant/bots
2025-05-15 00:43:03 [INFO]: [POST] /assistant/ask
2025-05-15 00:43:12 [INFO]: [POST] /assistant/ask
2025-05-15 00:44:35 [INFO]: [GET] /assistant/bots
2025-05-15 00:44:35 [INFO]: [GET] /assistant/bots
2025-05-15 00:44:35 [INFO]: [GET] /assistant/bots
2025-05-15 00:44:35 [INFO]: [GET] /assistant/bots
2025-05-15 00:44:44 [INFO]: 🚀 Auth-Backend lancé sur http://localhost:4002
2025-05-15 00:44:49 [INFO]: [GET] /user/me
2025-05-15 00:44:49 [INFO]: 🔑 Token reçu :
2025-05-15 00:44:49 [INFO]: 🔓 Token valide, utilisateur authentifié avec rôle :
2025-05-15 00:44:49 [INFO]: ✅ Nombre de licences pour l'utilisateur 08aac309-cd9f-41cb-860c-2429aa3a24a8 : 0
2025-05-15 00:44:49 [INFO]: ✅ Données utilisateur final :
2025-05-15 00:44:49 [INFO]: ✅ Données utilisateur récupérées :
2025-05-15 00:44:49 [INFO]: [GET] /user/me
2025-05-15 00:44:49 [INFO]: 🔑 Token reçu :
2025-05-15 00:44:49 [INFO]: 🔓 Token valide, utilisateur authentifié avec rôle :
2025-05-15 00:44:49 [INFO]: ✅ Nombre de licences pour l'utilisateur 08aac309-cd9f-41cb-860c-2429aa3a24a8 : 0
2025-05-15 00:44:49 [INFO]: ✅ Données utilisateur final :
2025-05-15 00:44:49 [INFO]: ✅ Données utilisateur récupérées :
2025-05-15 00:44:58 [INFO]: [GET] /user
2025-05-15 00:44:58 [INFO]: 🔑 Token reçu :
2025-05-15 00:44:58 [INFO]: 🔓 Token valide, utilisateur authentifié avec rôle :
2025-05-15 00:44:58 [INFO]: ✅ Nombre de licences pour l'utilisateur 08aac309-cd9f-41cb-860c-2429aa3a24a8 : 0
2025-05-15 00:44:58 [INFO]: ✅ Nombre de licences pour l'utilisateur f8097944-4082-4ba4-ac8c-c24fb96dcf4b : 0
2025-05-15 00:44:58 [INFO]: ✅ Nombre de licences pour l'utilisateur fabaef3e-5558-463f-82b3-f72430c1dd2d : 4
2025-05-15 00:44:58 [INFO]: ✅ Liste des utilisateurs avec licences récupérée :
2025-05-15 00:45:00 [INFO]: [GET] /assistant/bots
2025-05-15 00:45:00 [INFO]: [GET] /assistant/bots
2025-05-15 00:45:02 [INFO]: [GET] /assistant/bots
2025-05-15 00:45:02 [INFO]: [GET] /assistant/bots
2025-05-15 00:45:02 [INFO]: [GET] /assistant/bots
2025-05-15 00:45:02 [INFO]: [GET] /assistant/bots
2025-05-15 00:45:07 [INFO]: [POST] /assistant/ask
2025-05-15 00:54:58 [INFO]: 🚀 Auth-Backend lancé sur http://localhost:4002
2025-05-15 00:55:09 [INFO]: [POST] /assistant/ask
2025-05-15 00:55:34 [INFO]: 🚀 Auth-Backend lancé sur http://localhost:4002
2025-05-15 00:55:39 [INFO]: [GET] /assistant/bots
2025-05-15 00:55:40 [INFO]: [GET] /assistant/bots
2025-05-15 00:55:40 [INFO]: [GET] /assistant/bots
2025-05-15 00:55:40 [INFO]: [GET] /assistant/bots
2025-05-15 00:55:45 [INFO]: [POST] /assistant/ask
2025-05-15 00:56:16 [INFO]: 🚀 Auth-Backend lancé sur http://localhost:4002
2025-05-15 00:56:17 [INFO]: [GET] /assistant/bots
2025-05-15 00:56:17 [INFO]: [GET] /assistant/bots
2025-05-15 00:56:17 [INFO]: [GET] /assistant/bots
2025-05-15 00:56:17 [INFO]: [GET] /assistant/bots
2025-05-15 00:56:21 [INFO]: [POST] /assistant/ask
2025-05-15 00:56:47 [INFO]: [GET] /user/me
2025-05-15 00:56:47 [INFO]: 🔑 Token reçu :
2025-05-15 00:56:47 [INFO]: 🔓 Token valide, utilisateur authentifié avec rôle :
2025-05-15 00:56:47 [INFO]: ✅ Nombre de licences pour l'utilisateur 08aac309-cd9f-41cb-860c-2429aa3a24a8 : 0
2025-05-15 00:56:47 [INFO]: ✅ Données utilisateur final :
2025-05-15 00:56:47 [INFO]: ✅ Données utilisateur récupérées :
2025-05-15 00:56:47 [INFO]: [GET] /user/me
2025-05-15 00:56:47 [INFO]: 🔑 Token reçu :
2025-05-15 00:56:47 [INFO]: 🔓 Token valide, utilisateur authentifié avec rôle :
2025-05-15 00:56:48 [INFO]: ✅ Nombre de licences pour l'utilisateur 08aac309-cd9f-41cb-860c-2429aa3a24a8 : 0
2025-05-15 00:56:48 [INFO]: ✅ Données utilisateur final :
2025-05-15 00:56:48 [INFO]: ✅ Données utilisateur récupérées :
2025-05-15 00:56:53 [INFO]: [GET] /user
2025-05-15 00:56:53 [INFO]: 🔑 Token reçu :
2025-05-15 00:56:53 [INFO]: 🔓 Token valide, utilisateur authentifié avec rôle :
2025-05-15 00:56:53 [INFO]: ✅ Nombre de licences pour l'utilisateur 08aac309-cd9f-41cb-860c-2429aa3a24a8 : 0
2025-05-15 00:56:53 [INFO]: ✅ Nombre de licences pour l'utilisateur fabaef3e-5558-463f-82b3-f72430c1dd2d : 4
2025-05-15 00:56:53 [INFO]: ✅ Nombre de licences pour l'utilisateur f8097944-4082-4ba4-ac8c-c24fb96dcf4b : 0
2025-05-15 00:56:53 [INFO]: ✅ Liste des utilisateurs avec licences récupérée :
2025-05-15 00:57:03 [INFO]: [GET] /assistant/bots
2025-05-15 00:57:03 [INFO]: [GET] /assistant/bots
2025-05-15 10:05:19 [INFO]: 🚀 Auth-Backend lancé sur http://localhost:4002
2025-05-15 10:05:43 [INFO]: [POST] /auth/login
2025-05-15 10:05:48 [INFO]: [GET] /user
2025-05-15 10:05:48 [INFO]: 🔑 Token reçu :
2025-05-15 10:05:48 [INFO]: 🔓 Token valide, utilisateur authentifié avec rôle :
2025-05-15 10:05:48 [INFO]: ✅ Nombre de licences pour l'utilisateur 08aac309-cd9f-41cb-860c-2429aa3a24a8 : 0
2025-05-15 10:05:48 [INFO]: ✅ Nombre de licences pour l'utilisateur f8097944-4082-4ba4-ac8c-c24fb96dcf4b : 0
2025-05-15 10:05:48 [INFO]: ✅ Nombre de licences pour l'utilisateur fabaef3e-5558-463f-82b3-f72430c1dd2d : 4
2025-05-15 10:05:48 [INFO]: ✅ Liste des utilisateurs avec licences récupérée :
2025-05-15 10:05:49 [INFO]: [GET] /assistant/bots
2025-05-15 10:05:49 [INFO]: [GET] /assistant/bots
2025-05-15 10:05:51 [INFO]: [GET] /assistant/bots
2025-05-15 10:05:51 [INFO]: [GET] /assistant/bots
2025-05-15 10:05:51 [INFO]: [GET] /assistant/bots
2025-05-15 10:05:51 [INFO]: [GET] /assistant/bots
2025-05-15 10:08:25 [INFO]: [POST] /assistant/ask
2025-05-15 10:12:47 [INFO]: [POST] /assistant/ask
2025-05-15 10:42:16 [INFO]: 🚀 Auth-Backend lancé sur http://localhost:4002
2025-05-15 10:42:28 [INFO]: [POST] /auth/login
2025-05-15 10:42:32 [INFO]: [GET] /user
2025-05-15 10:42:32 [INFO]: 🔑 Token reçu :
2025-05-15 10:42:32 [INFO]: 🔓 Token valide, utilisateur authentifié avec rôle :
2025-05-15 10:42:32 [INFO]: ✅ Nombre de licences pour l'utilisateur 08aac309-cd9f-41cb-860c-2429aa3a24a8 : 0
2025-05-15 10:42:32 [INFO]: ✅ Nombre de licences pour l'utilisateur f8097944-4082-4ba4-ac8c-c24fb96dcf4b : 0
2025-05-15 10:42:32 [INFO]: ✅ Nombre de licences pour l'utilisateur fabaef3e-5558-463f-82b3-f72430c1dd2d : 4
2025-05-15 10:42:32 [INFO]: ✅ Liste des utilisateurs avec licences récupérée :
2025-05-15 10:42:34 [INFO]: [GET] /assistant/bots
2025-05-15 10:42:34 [INFO]: [GET] /assistant/bots
2025-05-15 10:42:35 [INFO]: [GET] /user/me
2025-05-15 10:42:35 [INFO]: 🔑 Token reçu :
2025-05-15 10:42:35 [INFO]: 🔓 Token valide, utilisateur authentifié avec rôle :
2025-05-15 10:42:35 [INFO]: ✅ Nombre de licences pour l'utilisateur 08aac309-cd9f-41cb-860c-2429aa3a24a8 : 0
2025-05-15 10:42:35 [INFO]: ✅ Données utilisateur final :
2025-05-15 10:42:35 [INFO]: ✅ Données utilisateur récupérées :
2025-05-15 10:42:35 [INFO]: [GET] /user/me
2025-05-15 10:42:35 [INFO]: 🔑 Token reçu :
2025-05-15 10:42:35 [INFO]: 🔓 Token valide, utilisateur authentifié avec rôle :
2025-05-15 10:42:35 [INFO]: ✅ Nombre de licences pour l'utilisateur 08aac309-cd9f-41cb-860c-2429aa3a24a8 : 0
2025-05-15 10:42:35 [INFO]: ✅ Données utilisateur final :
2025-05-15 10:42:35 [INFO]: ✅ Données utilisateur récupérées :
2025-05-15 10:42:40 [INFO]: [GET] /assistant/bots
2025-05-15 10:42:40 [INFO]: [GET] /assistant/bots
2025-05-15 10:42:40 [INFO]: [GET] /assistant/bots
2025-05-15 10:42:40 [INFO]: [GET] /assistant/bots
2025-05-15 10:42:47 [INFO]: [POST] /assistant/ask
2025-05-15 10:43:05 [INFO]: [POST] /assistant/ask
2025-05-15 11:35:06 [INFO]: 🚀 Auth-Backend lancé sur http://localhost:4002
2025-05-15 11:35:11 [INFO]: [GET] /assistant/bots
2025-05-15 11:35:11 [INFO]: [GET] /assistant/bots
2025-05-15 11:35:11 [INFO]: [GET] /assistant/bots
2025-05-15 11:35:11 [INFO]: [GET] /assistant/bots
2025-05-15 11:35:17 [INFO]: [POST] /assistant/ask
2025-05-15 11:35:38 [INFO]: [GET] /assistant/bots
2025-05-15 11:35:38 [INFO]: [GET] /assistant/bots
2025-05-15 11:35:38 [INFO]: [GET] /assistant/bots
2025-05-15 11:35:38 [INFO]: [GET] /assistant/bots
2025-05-15 11:36:07 [INFO]: 🚀 Auth-Backend lancé sur http://localhost:4002
2025-05-15 11:36:12 [INFO]: [GET] /assistant/bots
2025-05-15 11:36:12 [INFO]: [GET] /assistant/bots
2025-05-15 11:36:12 [INFO]: [GET] /assistant/bots
2025-05-15 11:36:12 [INFO]: [GET] /assistant/bots
2025-05-15 11:37:49 [INFO]: 🚀 Auth-Backend lancé sur http://localhost:4002
2025-05-15 11:37:54 [INFO]: [GET] /assistant/bots
2025-05-15 11:37:54 [INFO]: [GET] /assistant/bots
2025-05-15 11:37:54 [INFO]: [GET] /assistant/bots
2025-05-15 11:37:54 [INFO]: [GET] /assistant/bots
2025-05-15 11:37:57 [INFO]: [POST] /assistant/ask
2025-05-15 11:38:07 [INFO]: [POST] /assistant/ask
2025-05-15 11:45:42 [INFO]: 🚀 Auth-Backend lancé sur http://localhost:4002
2025-05-15 11:45:49 [INFO]: [GET] /assistant/bots
2025-05-15 11:45:49 [INFO]: [GET] /assistant/bots
2025-05-15 11:45:49 [INFO]: [GET] /assistant/bots
2025-05-15 11:45:49 [INFO]: [GET] /assistant/bots
2025-05-15 11:45:52 [INFO]: [POST] /assistant/ask
2025-05-15 11:46:01 [INFO]: [POST] /assistant/ask
2025-05-15 11:55:39 [INFO]: 🚀 Auth-Backend lancé sur http://localhost:4002
2025-05-15 11:55:45 [INFO]: [GET] /assistant/bots
2025-05-15 11:55:45 [INFO]: [GET] /assistant/bots
2025-05-15 11:55:45 [INFO]: [GET] /assistant/bots
2025-05-15 11:55:45 [INFO]: [GET] /assistant/bots
2025-05-15 11:55:48 [INFO]: [POST] /assistant/ask
2025-05-15 11:56:00 [INFO]: [POST] /assistant/ask
2025-05-15 12:02:04 [INFO]: [GET] /assistant/bots
2025-05-15 12:02:05 [INFO]: [GET] /assistant/bots
2025-05-15 12:02:05 [INFO]: [GET] /assistant/bots
2025-05-15 12:02:05 [INFO]: [GET] /assistant/bots
2025-05-15 12:02:18 [INFO]: [GET] /assistant/bots
2025-05-15 12:02:18 [INFO]: [GET] /assistant/bots
2025-05-15 12:02:18 [INFO]: [GET] /assistant/bots
2025-05-15 12:02:18 [INFO]: [GET] /assistant/bots
2025-05-15 12:02:45 [INFO]: [POST] /assistant/ask
2025-05-15 12:03:57 [INFO]: 🚀 Auth-Backend lancé sur http://localhost:4002
2025-05-15 12:04:14 [INFO]: [POST] /assistant/ask
2025-05-15 12:09:05 [INFO]: 🚀 Auth-Backend lancé sur http://localhost:4002
2025-05-15 12:09:09 [INFO]: [GET] /assistant/bots
2025-05-15 12:09:10 [INFO]: [GET] /assistant/bots
2025-05-15 12:09:10 [INFO]: [GET] /assistant/bots
2025-05-15 12:09:10 [INFO]: [GET] /assistant/bots
2025-05-15 12:09:22 [INFO]: [POST] /assistant/ask
2025-05-15 12:19:36 [INFO]: 🚀 Auth-Backend lancé sur http://localhost:4002
2025-05-15 12:42:23 [INFO]: 🚀 Auth-Backend lancé sur http://localhost:4002
2025-05-15 12:42:47 [INFO]: [GET] /assistant/bots
2025-05-15 12:42:48 [INFO]: [GET] /assistant/bots
2025-05-15 12:42:48 [INFO]: [GET] /assistant/bots
2025-05-15 12:42:48 [INFO]: [GET] /assistant/bots
2025-05-15 12:42:51 [INFO]: [GET] /user/me
2025-05-15 12:42:51 [INFO]: 🔑 Token reçu :
2025-05-15 12:42:51 [ERROR]: 🚫 Token expiré :
2025-05-15 12:42:51 [INFO]: [GET] /user/me
2025-05-15 12:42:51 [INFO]: 🔑 Token reçu :
2025-05-15 12:42:51 [ERROR]: 🚫 Token expiré :
2025-05-15 12:43:10 [INFO]: [POST] /assistant/ask
2025-05-15 12:43:18 [INFO]: [POST] /auth/login
2025-05-15 12:43:20 [INFO]: [GET] /assistant/bots
2025-05-15 12:43:20 [INFO]: [GET] /assistant/bots
2025-05-15 12:43:22 [INFO]: [GET] /user/me
2025-05-15 12:43:22 [INFO]: 🔑 Token reçu :
2025-05-15 12:43:22 [INFO]: 🔓 Token valide, utilisateur authentifié avec rôle :
2025-05-15 12:43:22 [INFO]: ✅ Nombre de licences pour l'utilisateur 08aac309-cd9f-41cb-860c-2429aa3a24a8 : 0
2025-05-15 12:43:22 [INFO]: ✅ Données utilisateur final :
2025-05-15 12:43:22 [INFO]: ✅ Données utilisateur récupérées :
2025-05-15 12:43:22 [INFO]: [GET] /user/me
2025-05-15 12:43:22 [INFO]: 🔑 Token reçu :
2025-05-15 12:43:22 [INFO]: 🔓 Token valide, utilisateur authentifié avec rôle :
2025-05-15 12:43:22 [INFO]: ✅ Nombre de licences pour l'utilisateur 08aac309-cd9f-41cb-860c-2429aa3a24a8 : 0
2025-05-15 12:43:22 [INFO]: ✅ Données utilisateur final :
2025-05-15 12:43:22 [INFO]: ✅ Données utilisateur récupérées :
2025-05-15 12:43:30 [INFO]: [GET] /user
2025-05-15 12:43:30 [INFO]: 🔑 Token reçu :
2025-05-15 12:43:30 [INFO]: 🔓 Token valide, utilisateur authentifié avec rôle :
2025-05-15 12:43:30 [INFO]: ✅ Nombre de licences pour l'utilisateur 08aac309-cd9f-41cb-860c-2429aa3a24a8 : 0
2025-05-15 12:43:30 [INFO]: ✅ Nombre de licences pour l'utilisateur f8097944-4082-4ba4-ac8c-c24fb96dcf4b : 0
2025-05-15 12:43:30 [INFO]: ✅ Nombre de licences pour l'utilisateur fabaef3e-5558-463f-82b3-f72430c1dd2d : 4
2025-05-15 12:43:30 [INFO]: ✅ Liste des utilisateurs avec licences récupérée :
2025-05-15 12:43:32 [INFO]: [GET] /assistant/bots
2025-05-15 12:43:32 [INFO]: [GET] /assistant/bots
2025-05-15 12:43:34 [INFO]: [GET] /assistant/bots
2025-05-15 12:43:34 [INFO]: [GET] /assistant/bots
2025-05-15 12:43:34 [INFO]: [GET] /assistant/bots
2025-05-15 12:43:34 [INFO]: [GET] /assistant/bots
2025-05-15 12:43:38 [INFO]: [POST] /assistant/ask
2025-05-15 12:43:51 [INFO]: [POST] /assistant/ask
2025-05-15 13:57:00 [INFO]: 🚀 Auth-Backend lancé sur http://localhost:4002
2025-05-15 13:57:12 [INFO]: [GET] /assistant/bots
2025-05-15 13:57:12 [INFO]: [GET] /assistant/bots
2025-05-15 13:57:12 [INFO]: [GET] /assistant/bots
2025-05-15 13:57:12 [INFO]: [GET] /assistant/bots
2025-05-15 13:57:23 [INFO]: [GET] /assistant/bots
2025-05-15 13:57:23 [INFO]: [GET] /assistant/bots
2025-05-15 13:57:23 [INFO]: [GET] /assistant/bots
2025-05-15 13:57:23 [INFO]: [GET] /assistant/bots
2025-05-15 13:57:28 [INFO]: [POST] /assistant/ask
2025-05-15 13:57:39 [INFO]: [POST] /assistant/ask
2025-05-15 13:57:48 [INFO]: [POST] /auth/login
2025-05-15 13:57:50 [INFO]: [GET] /assistant/bots
2025-05-15 13:57:50 [INFO]: [GET] /assistant/bots
2025-05-15 13:57:51 [INFO]: [GET] /user/me
2025-05-15 13:57:51 [INFO]: 🔑 Token reçu :
2025-05-15 13:57:51 [INFO]: 🔓 Token valide, utilisateur authentifié avec rôle :
2025-05-15 13:57:51 [INFO]: ✅ Nombre de licences pour l'utilisateur 08aac309-cd9f-41cb-860c-2429aa3a24a8 : 0
2025-05-15 13:57:51 [INFO]: ✅ Données utilisateur final :
2025-05-15 13:57:51 [INFO]: ✅ Données utilisateur récupérées :
2025-05-15 13:57:51 [INFO]: [GET] /user/me
2025-05-15 13:57:51 [INFO]: 🔑 Token reçu :
2025-05-15 13:57:51 [INFO]: 🔓 Token valide, utilisateur authentifié avec rôle :
2025-05-15 13:57:51 [INFO]: ✅ Nombre de licences pour l'utilisateur 08aac309-cd9f-41cb-860c-2429aa3a24a8 : 0
2025-05-15 13:57:51 [INFO]: ✅ Données utilisateur final :
2025-05-15 13:57:51 [INFO]: ✅ Données utilisateur récupérées :
2025-05-15 13:57:59 [INFO]: [GET] /user
2025-05-15 13:57:59 [INFO]: 🔑 Token reçu :
2025-05-15 13:57:59 [INFO]: 🔓 Token valide, utilisateur authentifié avec rôle :
2025-05-15 13:57:59 [INFO]: ✅ Nombre de licences pour l'utilisateur 08aac309-cd9f-41cb-860c-2429aa3a24a8 : 0
2025-05-15 13:57:59 [INFO]: ✅ Nombre de licences pour l'utilisateur f8097944-4082-4ba4-ac8c-c24fb96dcf4b : 0
2025-05-15 13:57:59 [INFO]: ✅ Nombre de licences pour l'utilisateur fabaef3e-5558-463f-82b3-f72430c1dd2d : 4
2025-05-15 13:57:59 [INFO]: ✅ Liste des utilisateurs avec licences récupérée :
2025-05-15 13:58:01 [INFO]: [GET] /assistant/bots
2025-05-15 13:58:01 [INFO]: [GET] /assistant/bots
2025-05-15 13:58:03 [INFO]: [GET] /assistant/bots
2025-05-15 13:58:03 [INFO]: [GET] /assistant/bots
2025-05-15 13:58:03 [INFO]: [GET] /assistant/bots
2025-05-15 13:58:03 [INFO]: [GET] /assistant/bots
2025-05-15 13:58:17 [INFO]: [GET] /assistant/bots
2025-05-15 13:58:18 [INFO]: [GET] /assistant/bots
2025-05-15 13:58:18 [INFO]: [GET] /assistant/bots
2025-05-15 13:58:18 [INFO]: [GET] /assistant/bots
2025-05-15 13:58:43 [INFO]: [POST] /assistant/ask
2025-05-15 14:11:45 [INFO]: 🚀 Auth-Backend lancé sur http://localhost:4002
2025-05-15 14:11:53 [INFO]: [POST] /auth/login
2025-05-15 14:11:56 [INFO]: [GET] /user
2025-05-15 14:11:56 [INFO]: 🔑 Token reçu :
2025-05-15 14:11:56 [INFO]: 🔓 Token valide, utilisateur authentifié avec rôle :
2025-05-15 14:11:56 [INFO]: ✅ Nombre de licences pour l'utilisateur 08aac309-cd9f-41cb-860c-2429aa3a24a8 : 0
2025-05-15 14:11:56 [INFO]: ✅ Nombre de licences pour l'utilisateur f8097944-4082-4ba4-ac8c-c24fb96dcf4b : 0
2025-05-15 14:11:56 [INFO]: ✅ Nombre de licences pour l'utilisateur fabaef3e-5558-463f-82b3-f72430c1dd2d : 4
2025-05-15 14:11:56 [INFO]: ✅ Liste des utilisateurs avec licences récupérée :
2025-05-15 14:11:58 [INFO]: [GET] /assistant/bots
2025-05-15 14:11:58 [INFO]: [GET] /assistant/bots
2025-05-15 14:11:59 [INFO]: [GET] /user/me
2025-05-15 14:11:59 [INFO]: 🔑 Token reçu :
2025-05-15 14:11:59 [INFO]: 🔓 Token valide, utilisateur authentifié avec rôle :
2025-05-15 14:11:59 [INFO]: ✅ Nombre de licences pour l'utilisateur 08aac309-cd9f-41cb-860c-2429aa3a24a8 : 0
2025-05-15 14:11:59 [INFO]: ✅ Données utilisateur final :
2025-05-15 14:11:59 [INFO]: ✅ Données utilisateur récupérées :
2025-05-15 14:11:59 [INFO]: [GET] /user/me
2025-05-15 14:11:59 [INFO]: 🔑 Token reçu :
2025-05-15 14:11:59 [INFO]: 🔓 Token valide, utilisateur authentifié avec rôle :
2025-05-15 14:12:00 [INFO]: ✅ Nombre de licences pour l'utilisateur 08aac309-cd9f-41cb-860c-2429aa3a24a8 : 0
2025-05-15 14:12:00 [INFO]: ✅ Données utilisateur final :
2025-05-15 14:12:00 [INFO]: ✅ Données utilisateur récupérées :
2025-05-15 14:12:03 [INFO]: [GET] /assistant/bots
2025-05-15 14:12:03 [INFO]: [GET] /assistant/bots
2025-05-15 14:12:03 [INFO]: [GET] /assistant/bots
2025-05-15 14:12:03 [INFO]: [GET] /assistant/bots
2025-05-15 14:12:06 [INFO]: [POST] /assistant/ask
2025-05-15 14:12:17 [INFO]: [POST] /assistant/ask
2025-05-15 14:12:59 [INFO]: [GET] /assistant/bots
2025-05-15 14:12:59 [INFO]: [GET] /assistant/bots
2025-05-15 14:12:59 [INFO]: [GET] /assistant/bots
2025-05-15 14:12:59 [INFO]: [GET] /assistant/bots
2025-05-15 14:15:44 [INFO]: [GET] /assistant/bots
2025-05-15 14:16:52 [INFO]: [POST] /assistant/ask
2025-05-15 14:18:42 [INFO]: [POST] /assistant/ask
2025-05-15 14:23:06 [INFO]: 🚀 Auth-Backend lancé sur http://localhost:4002
2025-05-15 14:23:15 [INFO]: [GET] /assistant/bots
2025-05-15 14:23:15 [INFO]: [GET] /assistant/bots
2025-05-15 14:23:15 [INFO]: [GET] /assistant/bots
2025-05-15 14:23:15 [INFO]: [GET] /assistant/bots
2025-05-15 14:23:18 [INFO]: [GET] /user/me
2025-05-15 14:23:18 [INFO]: 🔑 Token reçu :
2025-05-15 14:23:18 [INFO]: 🔓 Token valide, utilisateur authentifié avec rôle :
2025-05-15 14:23:18 [INFO]: ✅ Nombre de licences pour l'utilisateur 08aac309-cd9f-41cb-860c-2429aa3a24a8 : 0
2025-05-15 14:23:18 [INFO]: ✅ Données utilisateur final :
2025-05-15 14:23:18 [INFO]: ✅ Données utilisateur récupérées :
2025-05-15 14:23:18 [INFO]: [GET] /user/me
2025-05-15 14:23:18 [INFO]: 🔑 Token reçu :
2025-05-15 14:23:18 [INFO]: 🔓 Token valide, utilisateur authentifié avec rôle :
2025-05-15 14:23:18 [INFO]: ✅ Nombre de licences pour l'utilisateur 08aac309-cd9f-41cb-860c-2429aa3a24a8 : 0
2025-05-15 14:23:18 [INFO]: ✅ Données utilisateur final :
2025-05-15 14:23:18 [INFO]: ✅ Données utilisateur récupérées :
2025-05-15 14:23:26 [INFO]: [GET] /user
2025-05-15 14:23:26 [INFO]: 🔑 Token reçu :
2025-05-15 14:23:26 [INFO]: 🔓 Token valide, utilisateur authentifié avec rôle :
2025-05-15 14:23:26 [INFO]: ✅ Nombre de licences pour l'utilisateur 08aac309-cd9f-41cb-860c-2429aa3a24a8 : 0
2025-05-15 14:23:26 [INFO]: ✅ Nombre de licences pour l'utilisateur f8097944-4082-4ba4-ac8c-c24fb96dcf4b : 0
2025-05-15 14:23:26 [INFO]: ✅ Nombre de licences pour l'utilisateur fabaef3e-5558-463f-82b3-f72430c1dd2d : 4
2025-05-15 14:23:26 [INFO]: ✅ Liste des utilisateurs avec licences récupérée :
2025-05-15 14:23:28 [INFO]: [GET] /assistant/bots
2025-05-15 14:23:28 [INFO]: [GET] /assistant/bots
2025-05-15 14:23:30 [INFO]: [GET] /assistant/bots
2025-05-15 14:23:30 [INFO]: [GET] /assistant/bots
2025-05-15 14:23:30 [INFO]: [GET] /assistant/bots
2025-05-15 14:23:30 [INFO]: [GET] /assistant/bots
2025-05-15 14:23:33 [INFO]: [POST] /assistant/ask
2025-05-15 14:23:41 [INFO]: [POST] /assistant/ask
2025-05-15 14:23:49 [INFO]: [POST] /assistant/ask
2025-05-15 14:28:40 [INFO]: 🚀 Auth-Backend lancé sur http://localhost:4002
2025-05-15 14:28:48 [INFO]: [GET] /assistant/bots
2025-05-15 14:28:48 [INFO]: [GET] /assistant/bots
2025-05-15 14:28:48 [INFO]: [GET] /assistant/bots
2025-05-15 14:28:48 [INFO]: [GET] /assistant/bots
2025-05-15 14:28:50 [INFO]: [GET] /user/me
2025-05-15 14:28:50 [INFO]: 🔑 Token reçu :
2025-05-15 14:28:50 [INFO]: 🔓 Token valide, utilisateur authentifié avec rôle :
2025-05-15 14:28:50 [INFO]: ✅ Nombre de licences pour l'utilisateur 08aac309-cd9f-41cb-860c-2429aa3a24a8 : 0
2025-05-15 14:28:50 [INFO]: ✅ Données utilisateur final :
2025-05-15 14:28:50 [INFO]: ✅ Données utilisateur récupérées :
2025-05-15 14:28:50 [INFO]: [GET] /user/me
2025-05-15 14:28:50 [INFO]: 🔑 Token reçu :
2025-05-15 14:28:50 [INFO]: 🔓 Token valide, utilisateur authentifié avec rôle :
2025-05-15 14:28:50 [INFO]: ✅ Nombre de licences pour l'utilisateur 08aac309-cd9f-41cb-860c-2429aa3a24a8 : 0
2025-05-15 14:28:50 [INFO]: ✅ Données utilisateur final :
2025-05-15 14:28:50 [INFO]: ✅ Données utilisateur récupérées :
2025-05-15 14:28:56 [INFO]: [GET] /user
2025-05-15 14:28:56 [INFO]: 🔑 Token reçu :
2025-05-15 14:28:56 [INFO]: 🔓 Token valide, utilisateur authentifié avec rôle :
2025-05-15 14:28:56 [INFO]: ✅ Nombre de licences pour l'utilisateur 08aac309-cd9f-41cb-860c-2429aa3a24a8 : 0
2025-05-15 14:28:57 [INFO]: ✅ Nombre de licences pour l'utilisateur fabaef3e-5558-463f-82b3-f72430c1dd2d : 4
2025-05-15 14:28:57 [INFO]: ✅ Nombre de licences pour l'utilisateur f8097944-4082-4ba4-ac8c-c24fb96dcf4b : 0
2025-05-15 14:28:57 [INFO]: ✅ Liste des utilisateurs avec licences récupérée :
2025-05-15 14:28:58 [INFO]: [GET] /assistant/bots
2025-05-15 14:28:58 [INFO]: [GET] /assistant/bots
2025-05-15 14:29:01 [INFO]: [GET] /assistant/bots
2025-05-15 14:29:01 [INFO]: [GET] /assistant/bots
2025-05-15 14:29:01 [INFO]: [GET] /assistant/bots
2025-05-15 14:29:01 [INFO]: [GET] /assistant/bots
2025-05-15 14:29:11 [INFO]: [POST] /assistant/ask
2025-05-15 14:30:56 [INFO]: 🚀 Auth-Backend lancé sur http://localhost:4002
2025-05-15 14:31:04 [INFO]: [POST] /auth/login
2025-05-15 14:31:08 [INFO]: [GET] /user
2025-05-15 14:31:08 [INFO]: 🔑 Token reçu :
2025-05-15 14:31:08 [INFO]: 🔓 Token valide, utilisateur authentifié avec rôle :
2025-05-15 14:31:08 [INFO]: ✅ Nombre de licences pour l'utilisateur 08aac309-cd9f-41cb-860c-2429aa3a24a8 : 0
2025-05-15 14:31:08 [INFO]: ✅ Nombre de licences pour l'utilisateur fabaef3e-5558-463f-82b3-f72430c1dd2d : 4
2025-05-15 14:31:08 [INFO]: ✅ Nombre de licences pour l'utilisateur f8097944-4082-4ba4-ac8c-c24fb96dcf4b : 0
2025-05-15 14:31:08 [INFO]: ✅ Liste des utilisateurs avec licences récupérée :
2025-05-15 14:31:10 [INFO]: [GET] /assistant/bots
2025-05-15 14:31:10 [INFO]: [GET] /assistant/bots
2025-05-15 14:31:12 [INFO]: [GET] /assistant/bots
2025-05-15 14:31:12 [INFO]: [GET] /assistant/bots
2025-05-15 14:31:12 [INFO]: [GET] /assistant/bots
2025-05-15 14:31:12 [INFO]: [GET] /assistant/bots
2025-05-15 14:31:21 [INFO]: [POST] /assistant/ask
2025-05-15 14:31:26 [INFO]: [POST] /assistant/ask
2025-05-15 14:44:36 [INFO]: 🚀 Auth-Backend lancé sur http://localhost:4002
2025-05-15 14:44:44 [INFO]: [POST] /auth/login
2025-05-15 14:44:46 [INFO]: [GET] /assistant/bots
2025-05-15 14:44:46 [INFO]: [GET] /assistant/bots
2025-05-15 14:44:48 [INFO]: [GET] /assistant/bots
2025-05-15 14:44:48 [INFO]: [GET] /assistant/bots
2025-05-15 14:44:48 [INFO]: [GET] /assistant/bots
2025-05-15 14:44:48 [INFO]: [GET] /assistant/bots
2025-05-15 14:44:57 [INFO]: [POST] /assistant/ask
2025-05-15 14:48:29 [INFO]: 🚀 Auth-Backend lancé sur http://localhost:4002
2025-05-15 14:48:52 [INFO]: [GET] /assistant/bots
2025-05-15 14:48:52 [INFO]: [GET] /assistant/bots
2025-05-15 14:48:52 [INFO]: [GET] /assistant/bots
2025-05-15 14:48:52 [INFO]: [GET] /assistant/bots
2025-05-15 14:48:56 [INFO]: [POST] /assistant/ask
2025-05-15 14:49:06 [INFO]: [POST] /auth/login
2025-05-15 14:49:07 [INFO]: [GET] /assistant/bots
2025-05-15 14:49:07 [INFO]: [GET] /assistant/bots
2025-05-15 14:49:08 [INFO]: [GET] /assistant/bots
2025-05-15 14:49:09 [INFO]: [GET] /assistant/bots
2025-05-15 14:49:09 [INFO]: [GET] /assistant/bots
2025-05-15 14:49:09 [INFO]: [GET] /assistant/bots
2025-05-15 14:49:11 [INFO]: [POST] /assistant/ask
2025-05-15 14:53:31 [INFO]: 🚀 Auth-Backend lancé sur http://localhost:4002
2025-05-15 14:53:38 [INFO]: [POST] /auth/login
2025-05-15 14:53:40 [INFO]: [GET] /assistant/bots
2025-05-15 14:53:40 [INFO]: [GET] /assistant/bots
2025-05-15 14:53:42 [INFO]: [GET] /assistant/bots
2025-05-15 14:53:42 [INFO]: [GET] /assistant/bots
2025-05-15 14:53:42 [INFO]: [GET] /assistant/bots
2025-05-15 14:53:42 [INFO]: [GET] /assistant/bots
2025-05-15 14:53:45 [INFO]: [POST] /assistant/ask
2025-05-15 14:54:55 [INFO]: [GET] /assistant/bots
2025-05-15 14:54:55 [INFO]: [GET] /assistant/bots
2025-05-15 14:54:55 [INFO]: [GET] /assistant/bots
2025-05-15 14:54:55 [INFO]: [GET] /assistant/bots
2025-05-15 14:54:58 [INFO]: [POST] /assistant/ask
2025-05-15 14:56:29 [INFO]: 🚀 Auth-Backend lancé sur http://localhost:4002
2025-05-15 14:56:35 [INFO]: [GET] /assistant/bots
2025-05-15 14:56:35 [INFO]: [GET] /assistant/bots
2025-05-15 14:56:35 [INFO]: [GET] /assistant/bots
2025-05-15 14:56:35 [INFO]: [GET] /assistant/bots
2025-05-15 14:56:42 [INFO]: [POST] /assistant/ask
2025-05-15 14:56:51 [INFO]: [POST] /assistant/ask
2025-05-15 14:59:53 [INFO]: 🚀 Auth-Backend lancé sur http://localhost:4002
2025-05-15 15:00:02 [INFO]: [POST] /auth/login
2025-05-15 15:00:04 [INFO]: [GET] /assistant/bots
2025-05-15 15:00:04 [INFO]: [GET] /assistant/bots
2025-05-15 15:00:06 [INFO]: [GET] /assistant/bots
2025-05-15 15:00:06 [INFO]: [GET] /assistant/bots
2025-05-15 15:00:06 [INFO]: [GET] /assistant/bots
2025-05-15 15:00:06 [INFO]: [GET] /assistant/bots
2025-05-15 15:00:09 [INFO]: [POST] /assistant/ask
2025-05-15 15:00:19 [INFO]: [POST] /assistant/ask
2025-05-15 15:06:48 [INFO]: 🚀 Auth-Backend lancé sur http://localhost:4002
2025-05-15 15:06:58 [INFO]: [GET] /assistant/bots
2025-05-15 15:06:58 [INFO]: [GET] /assistant/bots
2025-05-15 15:06:58 [INFO]: [GET] /assistant/bots
2025-05-15 15:06:58 [INFO]: [GET] /assistant/bots
2025-05-15 15:07:05 [INFO]: [POST] /auth/login
2025-05-15 15:07:07 [INFO]: [GET] /user
2025-05-15 15:07:07 [INFO]: 🔑 Token reçu :
2025-05-15 15:07:07 [INFO]: 🔓 Token valide, utilisateur authentifié avec rôle :
2025-05-15 15:07:07 [INFO]: ✅ Nombre de licences pour l'utilisateur 08aac309-cd9f-41cb-860c-2429aa3a24a8 : 0
2025-05-15 15:07:07 [INFO]: ✅ Nombre de licences pour l'utilisateur f8097944-4082-4ba4-ac8c-c24fb96dcf4b : 0
2025-05-15 15:07:07 [INFO]: ✅ Nombre de licences pour l'utilisateur fabaef3e-5558-463f-82b3-f72430c1dd2d : 4
2025-05-15 15:07:07 [INFO]: ✅ Liste des utilisateurs avec licences récupérée :
2025-05-15 15:07:09 [INFO]: [GET] /assistant/bots
2025-05-15 15:07:10 [INFO]: [GET] /assistant/bots
2025-05-15 15:07:12 [INFO]: [GET] /assistant/bots
2025-05-15 15:07:12 [INFO]: [GET] /assistant/bots
2025-05-15 15:07:12 [INFO]: [GET] /assistant/bots
2025-05-15 15:07:12 [INFO]: [GET] /assistant/bots
2025-05-15 15:07:15 [INFO]: [POST] /assistant/ask
2025-05-15 15:07:27 [INFO]: [POST] /assistant/ask
2025-05-15 16:38:30 [INFO]: 🚀 Auth-Backend lancé sur http://localhost:4002
2025-05-15 16:38:33 [INFO]: [GET] /assistant/bots
2025-05-15 16:38:33 [INFO]: [GET] /assistant/bots
2025-05-15 16:38:33 [INFO]: [GET] /assistant/bots
2025-05-15 16:38:33 [INFO]: [GET] /assistant/bots
2025-05-15 16:38:47 [INFO]: [POST] /auth/login
2025-05-15 16:38:50 [INFO]: [GET] /assistant/bots
2025-05-15 16:38:50 [INFO]: [GET] /assistant/bots
2025-05-15 16:38:53 [INFO]: [GET] /assistant/bots
2025-05-15 16:38:53 [INFO]: [GET] /assistant/bots
2025-05-15 16:38:53 [INFO]: [GET] /assistant/bots
2025-05-15 16:38:53 [INFO]: [GET] /assistant/bots
2025-05-15 16:39:04 [INFO]: [POST] /assistant/ask
2025-05-15 16:39:18 [INFO]: [GET] /user/me
2025-05-15 16:39:18 [INFO]: 🔑 Token reçu :
2025-05-15 16:39:18 [INFO]: 🔓 Token valide, utilisateur authentifié avec rôle :
2025-05-15 16:39:18 [INFO]: ✅ Nombre de licences pour l'utilisateur 08aac309-cd9f-41cb-860c-2429aa3a24a8 : 0
2025-05-15 16:39:18 [INFO]: ✅ Données utilisateur final :
2025-05-15 16:39:18 [INFO]: ✅ Données utilisateur récupérées :
2025-05-15 16:39:18 [INFO]: [GET] /user/me
2025-05-15 16:39:18 [INFO]: 🔑 Token reçu :
2025-05-15 16:39:18 [INFO]: 🔓 Token valide, utilisateur authentifié avec rôle :
2025-05-15 16:39:18 [INFO]: ✅ Nombre de licences pour l'utilisateur 08aac309-cd9f-41cb-860c-2429aa3a24a8 : 0
2025-05-15 16:39:18 [INFO]: ✅ Données utilisateur final :
2025-05-15 16:39:18 [INFO]: ✅ Données utilisateur récupérées :
2025-05-15 16:39:25 [INFO]: [GET] /user
2025-05-15 16:39:25 [INFO]: 🔑 Token reçu :
2025-05-15 16:39:25 [INFO]: 🔓 Token valide, utilisateur authentifié avec rôle :
2025-05-15 16:39:25 [INFO]: ✅ Nombre de licences pour l'utilisateur 08aac309-cd9f-41cb-860c-2429aa3a24a8 : 0
2025-05-15 16:39:25 [INFO]: ✅ Nombre de licences pour l'utilisateur f8097944-4082-4ba4-ac8c-c24fb96dcf4b : 0
2025-05-15 16:39:26 [INFO]: ✅ Nombre de licences pour l'utilisateur fabaef3e-5558-463f-82b3-f72430c1dd2d : 4
2025-05-15 16:39:26 [INFO]: ✅ Liste des utilisateurs avec licences récupérée :
2025-05-15 16:39:28 [INFO]: [GET] /assistant/bots
2025-05-15 16:39:28 [INFO]: [GET] /assistant/bots
2025-05-15 16:39:53 [INFO]: [GET] /assistant/bots
2025-05-15 16:39:53 [INFO]: [GET] /assistant/bots
2025-05-15 16:39:53 [INFO]: [GET] /assistant/bots
2025-05-15 16:39:53 [INFO]: [GET] /assistant/bots
2025-05-15 16:39:56 [INFO]: [POST] /assistant/ask
2025-05-15 16:40:56 [INFO]: [GET] /assistant/bots
2025-05-15 16:40:56 [INFO]: [GET] /assistant/bots
2025-05-15 16:40:56 [INFO]: [GET] /assistant/bots
2025-05-15 16:40:56 [INFO]: [GET] /assistant/bots
2025-05-15 16:41:08 [INFO]: 🚀 Auth-Backend lancé sur http://localhost:4002
2025-05-15 16:41:10 [INFO]: [GET] /assistant/bots
2025-05-15 16:41:10 [INFO]: [GET] /assistant/bots
2025-05-15 16:41:10 [INFO]: [GET] /assistant/bots
2025-05-15 16:41:10 [INFO]: [GET] /assistant/bots
2025-05-15 16:41:14 [INFO]: [POST] /assistant/ask
2025-05-15 16:41:25 [INFO]: [POST] /assistant/ask
2025-05-15 17:04:19 [INFO]: 🚀 Auth-Backend lancé sur http://localhost:4002
2025-05-15 17:04:23 [INFO]: [GET] /assistant/bots
2025-05-15 17:04:23 [INFO]: [GET] /assistant/bots
2025-05-15 17:04:23 [INFO]: [GET] /assistant/bots
2025-05-15 17:04:23 [INFO]: [GET] /assistant/bots
2025-05-15 17:04:36 [INFO]: [GET] /user/me
2025-05-15 17:04:36 [INFO]: 🔑 Token reçu :
2025-05-15 17:04:36 [INFO]: 🔓 Token valide, utilisateur authentifié avec rôle :
2025-05-15 17:04:37 [INFO]: ✅ Nombre de licences pour l'utilisateur 08aac309-cd9f-41cb-860c-2429aa3a24a8 : 0
2025-05-15 17:04:37 [INFO]: ✅ Données utilisateur final :
2025-05-15 17:04:37 [INFO]: ✅ Données utilisateur récupérées :
2025-05-15 17:04:37 [INFO]: [GET] /user/me
2025-05-15 17:04:37 [INFO]: 🔑 Token reçu :
2025-05-15 17:04:37 [INFO]: 🔓 Token valide, utilisateur authentifié avec rôle :
2025-05-15 17:04:37 [INFO]: ✅ Nombre de licences pour l'utilisateur 08aac309-cd9f-41cb-860c-2429aa3a24a8 : 0
2025-05-15 17:04:37 [INFO]: ✅ Données utilisateur final :
2025-05-15 17:04:37 [INFO]: ✅ Données utilisateur récupérées :
2025-05-15 17:04:44 [INFO]: [POST] /assistant/ask
2025-05-15 17:05:00 [INFO]: 🚀 Auth-Backend lancé sur http://localhost:4002
2025-05-15 17:05:03 [INFO]: [GET] /assistant/bots
2025-05-15 17:05:03 [INFO]: [GET] /assistant/bots
2025-05-15 17:05:03 [INFO]: [GET] /assistant/bots
2025-05-15 17:05:03 [INFO]: [GET] /assistant/bots
2025-05-15 17:06:23 [INFO]: 🚀 Auth-Backend lancé sur http://localhost:4002
2025-05-15 17:06:30 [INFO]: [GET] /assistant/bots
2025-05-15 17:06:30 [INFO]: [GET] /assistant/bots
2025-05-15 17:06:30 [INFO]: [GET] /assistant/bots
2025-05-15 17:06:30 [INFO]: [GET] /assistant/bots
2025-05-15 17:06:33 [INFO]: [GET] /user/me
2025-05-15 17:06:33 [INFO]: 🔑 Token reçu :
2025-05-15 17:06:33 [INFO]: 🔓 Token valide, utilisateur authentifié avec rôle :
2025-05-15 17:06:33 [INFO]: ✅ Nombre de licences pour l'utilisateur 08aac309-cd9f-41cb-860c-2429aa3a24a8 : 0
2025-05-15 17:06:33 [INFO]: ✅ Données utilisateur final :
2025-05-15 17:06:33 [INFO]: ✅ Données utilisateur récupérées :
2025-05-15 17:06:33 [INFO]: [GET] /user/me
2025-05-15 17:06:33 [INFO]: 🔑 Token reçu :
2025-05-15 17:06:33 [INFO]: 🔓 Token valide, utilisateur authentifié avec rôle :
2025-05-15 17:06:33 [INFO]: ✅ Nombre de licences pour l'utilisateur 08aac309-cd9f-41cb-860c-2429aa3a24a8 : 0
2025-05-15 17:06:33 [INFO]: ✅ Données utilisateur final :
2025-05-15 17:06:33 [INFO]: ✅ Données utilisateur récupérées :
2025-05-15 17:06:40 [INFO]: [GET] /user
2025-05-15 17:06:40 [INFO]: 🔑 Token reçu :
2025-05-15 17:06:40 [INFO]: 🔓 Token valide, utilisateur authentifié avec rôle :
2025-05-15 17:06:40 [INFO]: ✅ Nombre de licences pour l'utilisateur 08aac309-cd9f-41cb-860c-2429aa3a24a8 : 0
2025-05-15 17:06:40 [INFO]: ✅ Nombre de licences pour l'utilisateur f8097944-4082-4ba4-ac8c-c24fb96dcf4b : 0
2025-05-15 17:06:40 [INFO]: ✅ Nombre de licences pour l'utilisateur fabaef3e-5558-463f-82b3-f72430c1dd2d : 4
2025-05-15 17:06:40 [INFO]: ✅ Liste des utilisateurs avec licences récupérée :
2025-05-15 17:06:42 [INFO]: [GET] /assistant/bots
2025-05-15 17:06:42 [INFO]: [GET] /assistant/bots
2025-05-15 17:06:44 [INFO]: [GET] /assistant/bots
2025-05-15 17:06:44 [INFO]: [GET] /assistant/bots
2025-05-15 17:06:44 [INFO]: [GET] /assistant/bots
2025-05-15 17:06:44 [INFO]: [GET] /assistant/bots
2025-05-15 17:06:49 [INFO]: [POST] /assistant/ask
2025-05-15 17:07:08 [INFO]: 🚀 Auth-Backend lancé sur http://localhost:4002
2025-05-15 17:07:11 [INFO]: [GET] /assistant/bots
2025-05-15 17:07:11 [INFO]: [GET] /assistant/bots
2025-05-15 17:07:11 [INFO]: [GET] /assistant/bots
2025-05-15 17:07:11 [INFO]: [GET] /assistant/bots
2025-05-15 17:07:15 [INFO]: [POST] /assistant/ask
2025-05-15 17:12:02 [INFO]: 🚀 Auth-Backend lancé sur http://localhost:4002
2025-05-15 17:12:05 [INFO]: [GET] /assistant/bots
2025-05-15 17:12:05 [INFO]: [GET] /assistant/bots
2025-05-15 17:12:05 [INFO]: [GET] /assistant/bots
2025-05-15 17:12:05 [INFO]: [GET] /assistant/bots
2025-05-15 17:12:10 [INFO]: [POST] /auth/login
2025-05-15 17:12:12 [INFO]: [GET] /user
2025-05-15 17:12:12 [INFO]: 🔑 Token reçu :
2025-05-15 17:12:12 [INFO]: 🔓 Token valide, utilisateur authentifié avec rôle :
2025-05-15 17:12:12 [INFO]: ✅ Nombre de licences pour l'utilisateur 08aac309-cd9f-41cb-860c-2429aa3a24a8 : 0
2025-05-15 17:12:12 [INFO]: ✅ Nombre de licences pour l'utilisateur f8097944-4082-4ba4-ac8c-c24fb96dcf4b : 0
2025-05-15 17:12:12 [INFO]: ✅ Nombre de licences pour l'utilisateur fabaef3e-5558-463f-82b3-f72430c1dd2d : 4
2025-05-15 17:12:12 [INFO]: ✅ Liste des utilisateurs avec licences récupérée :
2025-05-15 17:12:13 [INFO]: [GET] /assistant/bots
2025-05-15 17:12:14 [INFO]: [GET] /assistant/bots
2025-05-15 17:12:16 [INFO]: [GET] /assistant/bots
2025-05-15 17:12:16 [INFO]: [GET] /assistant/bots
2025-05-15 17:12:16 [INFO]: [GET] /assistant/bots
2025-05-15 17:12:16 [INFO]: [GET] /assistant/bots
2025-05-15 17:12:19 [INFO]: [POST] /assistant/ask
2025-05-15 17:12:46 [INFO]: 🚀 Auth-Backend lancé sur http://localhost:4002
2025-05-15 19:11:38 [INFO]: 🚀 Auth-Backend lancé sur http://localhost:4002
2025-05-15 19:11:45 [INFO]: [GET] /assistant/bots
2025-05-15 19:11:45 [INFO]: [GET] /assistant/bots
2025-05-15 19:11:45 [INFO]: [GET] /assistant/bots
2025-05-15 19:11:45 [INFO]: [GET] /assistant/bots
2025-05-15 19:11:47 [INFO]: [GET] /user/me
2025-05-15 19:11:47 [INFO]: 🔑 Token reçu :
2025-05-15 19:11:47 [INFO]: 🔓 Token valide, utilisateur authentifié avec rôle :
2025-05-15 19:11:47 [INFO]: ✅ Nombre de licences pour l'utilisateur 08aac309-cd9f-41cb-860c-2429aa3a24a8 : 0
2025-05-15 19:11:47 [INFO]: ✅ Données utilisateur final :
2025-05-15 19:11:47 [INFO]: ✅ Données utilisateur récupérées :
2025-05-15 19:11:47 [INFO]: [GET] /user/me
2025-05-15 19:11:47 [INFO]: 🔑 Token reçu :
2025-05-15 19:11:47 [INFO]: 🔓 Token valide, utilisateur authentifié avec rôle :
2025-05-15 19:11:47 [INFO]: ✅ Nombre de licences pour l'utilisateur 08aac309-cd9f-41cb-860c-2429aa3a24a8 : 0
2025-05-15 19:11:47 [INFO]: ✅ Données utilisateur final :
2025-05-15 19:11:47 [INFO]: ✅ Données utilisateur récupérées :
2025-05-15 19:11:52 [INFO]: [POST] /assistant/ask
2025-05-15 19:12:14 [INFO]: 🚀 Auth-Backend lancé sur http://localhost:4002
2025-05-15 19:14:36 [INFO]: 🚀 Auth-Backend lancé sur http://localhost:4002
2025-05-15 19:14:40 [INFO]: [GET] /assistant/bots
2025-05-15 19:14:41 [INFO]: [GET] /assistant/bots
2025-05-15 19:14:41 [INFO]: [GET] /assistant/bots
2025-05-15 19:14:41 [INFO]: [GET] /assistant/bots
2025-05-15 19:14:45 [INFO]: [POST] /assistant/ask
2025-05-15 19:14:47 [INFO]: [GET] /user/me
2025-05-15 19:14:47 [INFO]: 🔑 Token reçu :
2025-05-15 19:14:47 [ERROR]: 🚫 Token expiré :
2025-05-15 19:14:47 [INFO]: [GET] /user/me
2025-05-15 19:14:47 [INFO]: 🔑 Token reçu :
2025-05-15 19:14:47 [ERROR]: 🚫 Token expiré :
2025-05-15 19:15:07 [INFO]: [GET] /assistant/bots
2025-05-15 19:15:07 [INFO]: [GET] /assistant/bots
2025-05-15 19:15:07 [INFO]: [GET] /assistant/bots
2025-05-15 19:15:07 [INFO]: [GET] /assistant/bots
2025-05-15 19:15:08 [INFO]: [GET] /user/me
2025-05-15 19:15:08 [INFO]: 🔑 Token reçu :
2025-05-15 19:15:08 [ERROR]: 🚫 Token expiré :
2025-05-15 19:15:08 [INFO]: [GET] /user/me
2025-05-15 19:15:08 [INFO]: 🔑 Token reçu :
2025-05-15 19:15:08 [ERROR]: 🚫 Token expiré :
2025-05-15 19:15:19 [INFO]: [POST] /assistant/ask
2025-05-15 19:16:46 [INFO]: [GET] /user
2025-05-15 19:16:46 [INFO]: 🔑 Token reçu :
2025-05-15 19:16:46 [ERROR]: 🚫 Token expiré :
2025-05-15 19:17:37 [INFO]: 🚀 Auth-Backend lancé sur http://localhost:4002
2025-05-15 19:17:41 [INFO]: [GET] /assistant/bots
2025-05-15 19:17:41 [INFO]: [GET] /assistant/bots
2025-05-15 19:17:43 [INFO]: [GET] /assistant/bots
2025-05-15 19:17:43 [INFO]: [GET] /assistant/bots
2025-05-15 19:17:43 [INFO]: [GET] /assistant/bots
2025-05-15 19:17:43 [INFO]: [GET] /assistant/bots
2025-05-15 19:17:46 [INFO]: [POST] /assistant/ask
2025-05-15 19:17:59 [INFO]: [POST] /assistant/ask
2025-05-15 19:22:53 [INFO]: 🚀 Auth-Backend lancé sur http://localhost:4002
2025-05-15 19:22:59 [INFO]: [GET] /assistant/bots
2025-05-15 19:23:00 [INFO]: [GET] /assistant/bots
2025-05-15 19:23:00 [INFO]: [GET] /assistant/bots
2025-05-15 19:23:00 [INFO]: [GET] /assistant/bots
2025-05-15 19:23:03 [INFO]: [POST] /assistant/ask
2025-05-15 19:23:11 [INFO]: [POST] /assistant/ask
2025-05-15 19:24:10 [INFO]: [GET] /user/me
2025-05-15 19:24:10 [INFO]: 🔑 Token reçu :
2025-05-15 19:24:10 [ERROR]: 🚫 Token expiré :
2025-05-15 19:24:10 [INFO]: [GET] /user/me
2025-05-15 19:24:10 [INFO]: 🔑 Token reçu :
2025-05-15 19:24:10 [ERROR]: 🚫 Token expiré :
2025-05-15 19:24:22 [INFO]: [GET] /assistant/bots
2025-05-15 19:24:22 [INFO]: [GET] /assistant/bots
2025-05-15 19:24:22 [INFO]: [GET] /assistant/bots
2025-05-15 19:24:22 [INFO]: [GET] /assistant/bots
2025-05-15 19:24:24 [INFO]: [GET] /user/me
2025-05-15 19:24:24 [INFO]: 🔑 Token reçu :
2025-05-15 19:24:24 [ERROR]: 🚫 Token expiré :
2025-05-15 19:24:24 [INFO]: [GET] /user/me
2025-05-15 19:24:24 [INFO]: 🔑 Token reçu :
2025-05-15 19:24:24 [ERROR]: 🚫 Token expiré :
2025-05-15 19:25:41 [INFO]: [GET] /assistant/bots
2025-05-15 19:25:41 [INFO]: [GET] /assistant/bots
2025-05-15 19:25:41 [INFO]: [GET] /assistant/bots
2025-05-15 19:25:41 [INFO]: [GET] /assistant/bots
2025-05-15 19:25:47 [INFO]: [GET] /user/me
2025-05-15 19:25:47 [INFO]: 🔑 Token reçu :
2025-05-15 19:25:47 [ERROR]: 🚫 Token expiré :
2025-05-15 19:25:47 [INFO]: [GET] /user/me
2025-05-15 19:25:47 [INFO]: 🔑 Token reçu :
2025-05-15 19:25:47 [ERROR]: 🚫 Token expiré :
2025-05-15 19:25:59 [INFO]: 🚀 Auth-Backend lancé sur http://localhost:4002
2025-05-15 19:26:01 [INFO]: [GET] /assistant/bots
2025-05-15 19:26:01 [INFO]: [GET] /assistant/bots
2025-05-15 19:26:01 [INFO]: [GET] /assistant/bots
2025-05-15 19:26:01 [INFO]: [GET] /assistant/bots
2025-05-15 19:26:04 [INFO]: [GET] /user/me
2025-05-15 19:26:04 [INFO]: 🔑 Token reçu :
2025-05-15 19:26:04 [ERROR]: 🚫 Token expiré :
2025-05-15 19:26:04 [INFO]: [GET] /user/me
2025-05-15 19:26:04 [INFO]: 🔑 Token reçu :
2025-05-15 19:26:04 [ERROR]: 🚫 Token expiré :
2025-05-15 19:26:19 [INFO]: 🚀 Auth-Backend lancé sur http://localhost:4002
2025-05-15 19:26:23 [INFO]: [GET] /assistant/bots
2025-05-15 19:26:23 [INFO]: [GET] /assistant/bots
2025-05-15 19:26:23 [INFO]: [GET] /assistant/bots
2025-05-15 19:26:23 [INFO]: [GET] /assistant/bots
2025-05-15 19:26:25 [INFO]: [GET] /user/me
2025-05-15 19:26:25 [INFO]: 🔑 Token reçu :
2025-05-15 19:26:25 [ERROR]: 🚫 Token expiré :
2025-05-15 19:26:25 [INFO]: [GET] /user/me
2025-05-15 19:26:25 [INFO]: 🔑 Token reçu :
2025-05-15 19:26:25 [ERROR]: 🚫 Token expiré :
2025-05-15 19:26:42 [INFO]: 🚀 Auth-Backend lancé sur http://localhost:4002
2025-05-15 19:26:45 [INFO]: [GET] /assistant/bots
2025-05-15 19:26:45 [INFO]: [GET] /assistant/bots
2025-05-15 19:26:45 [INFO]: [GET] /assistant/bots
2025-05-15 19:26:46 [INFO]: [GET] /assistant/bots
2025-05-15 19:26:47 [INFO]: [GET] /user/me
2025-05-15 19:26:47 [INFO]: 🔑 Token reçu :
2025-05-15 19:26:47 [ERROR]: 🚫 Token expiré :
2025-05-15 19:26:47 [INFO]: [GET] /user/me
2025-05-15 19:26:47 [INFO]: 🔑 Token reçu :
2025-05-15 19:26:47 [ERROR]: 🚫 Token expiré :
2025-05-15 19:26:52 [INFO]: [GET] /user
2025-05-15 19:26:52 [INFO]: 🔑 Token reçu :
2025-05-15 19:26:52 [ERROR]: 🚫 Token expiré :
2025-05-15 19:26:56 [INFO]: [GET] /assistant/bots
2025-05-15 19:26:56 [INFO]: [GET] /assistant/bots
2025-05-15 19:26:56 [INFO]: [GET] /assistant/bots
2025-05-15 19:26:56 [INFO]: [GET] /assistant/bots
2025-05-15 19:27:21 [INFO]: 🚀 Auth-Backend lancé sur http://localhost:4002
2025-05-15 19:27:24 [INFO]: [GET] /assistant/bots
2025-05-15 19:27:24 [INFO]: [GET] /assistant/bots
2025-05-15 19:27:24 [INFO]: [GET] /assistant/bots
2025-05-15 19:27:25 [INFO]: [GET] /assistant/bots
2025-05-15 19:27:27 [INFO]: [GET] /user/me
2025-05-15 19:27:27 [INFO]: 🔑 Token reçu :
2025-05-15 19:27:27 [ERROR]: 🚫 Token expiré :
2025-05-15 19:27:27 [INFO]: [GET] /user/me
2025-05-15 19:27:27 [INFO]: 🔑 Token reçu :
2025-05-15 19:27:27 [ERROR]: 🚫 Token expiré :
2025-05-15 22:03:16 [INFO]: 🚀 Auth-Backend lancé sur http://localhost:4002
2025-05-15 22:03:23 [INFO]: [GET] /assistant/bots
2025-05-15 22:03:23 [INFO]: [GET] /assistant/bots
2025-05-15 22:03:23 [INFO]: [GET] /assistant/bots
2025-05-15 22:03:23 [INFO]: [GET] /assistant/bots
2025-05-15 22:03:27 [INFO]: [GET] /user/me
2025-05-15 22:03:27 [INFO]: 🔑 Token reçu :
2025-05-15 22:03:27 [ERROR]: 🚫 Token expiré :
2025-05-15 22:03:27 [INFO]: [GET] /user/me
2025-05-15 22:03:27 [INFO]: 🔑 Token reçu :
2025-05-15 22:03:27 [ERROR]: 🚫 Token expiré :
2025-05-15 22:03:44 [INFO]: [POST] /auth/login
2025-05-15 22:03:45 [INFO]: [GET] /assistant/bots
2025-05-15 22:03:45 [INFO]: [GET] /assistant/bots
2025-05-15 22:03:47 [INFO]: [GET] /user/me
2025-05-15 22:03:47 [INFO]: 🔑 Token reçu :
2025-05-15 22:03:47 [INFO]: 🔓 Token valide, utilisateur authentifié avec rôle :
2025-05-15 22:03:47 [INFO]: ✅ Nombre de licences pour l'utilisateur 08aac309-cd9f-41cb-860c-2429aa3a24a8 : 0
2025-05-15 22:03:47 [INFO]: ✅ Données utilisateur final :
2025-05-15 22:03:47 [INFO]: ✅ Données utilisateur récupérées :
2025-05-15 22:03:47 [INFO]: [GET] /user/me
2025-05-15 22:03:47 [INFO]: 🔑 Token reçu :
2025-05-15 22:03:47 [INFO]: 🔓 Token valide, utilisateur authentifié avec rôle :
2025-05-15 22:03:47 [INFO]: ✅ Nombre de licences pour l'utilisateur 08aac309-cd9f-41cb-860c-2429aa3a24a8 : 0
2025-05-15 22:03:47 [INFO]: ✅ Données utilisateur final :
2025-05-15 22:03:47 [INFO]: ✅ Données utilisateur récupérées :
2025-05-15 22:03:57 [INFO]: [GET] /user
2025-05-15 22:03:57 [INFO]: 🔑 Token reçu :
2025-05-15 22:03:57 [INFO]: 🔓 Token valide, utilisateur authentifié avec rôle :
2025-05-15 22:03:57 [INFO]: ✅ Nombre de licences pour l'utilisateur 08aac309-cd9f-41cb-860c-2429aa3a24a8 : 0
2025-05-15 22:03:57 [INFO]: ✅ Nombre de licences pour l'utilisateur fabaef3e-5558-463f-82b3-f72430c1dd2d : 4
2025-05-15 22:03:57 [INFO]: ✅ Nombre de licences pour l'utilisateur f8097944-4082-4ba4-ac8c-c24fb96dcf4b : 0
2025-05-15 22:03:57 [INFO]: ✅ Liste des utilisateurs avec licences récupérée :
2025-05-15 22:03:59 [INFO]: [GET] /assistant/bots
2025-05-15 22:03:59 [INFO]: [GET] /assistant/bots
2025-05-15 22:04:01 [INFO]: [GET] /assistant/bots
2025-05-15 22:04:01 [INFO]: [GET] /assistant/bots
2025-05-15 22:04:01 [INFO]: [GET] /assistant/bots
2025-05-15 22:04:01 [INFO]: [GET] /assistant/bots
2025-05-15 22:04:04 [INFO]: [POST] /assistant/ask
2025-05-15 22:04:16 [INFO]: [POST] /assistant/ask
2025-05-15 22:11:34 [INFO]: 🚀 Auth-Backend lancé sur http://localhost:4002
2025-05-15 22:11:40 [INFO]: [GET] /assistant/bots
2025-05-15 22:11:40 [INFO]: [GET] /assistant/bots
2025-05-15 22:11:40 [INFO]: [GET] /assistant/bots
2025-05-15 22:11:40 [INFO]: [GET] /assistant/bots
2025-05-15 22:11:47 [INFO]: [POST] /assistant/ask
2025-05-15 22:11:49 [INFO]: [GET] /user/me
2025-05-15 22:11:49 [INFO]: 🔑 Token reçu :
2025-05-15 22:11:49 [INFO]: 🔓 Token valide, utilisateur authentifié avec rôle :
2025-05-15 22:11:49 [INFO]: ✅ Nombre de licences pour l'utilisateur 08aac309-cd9f-41cb-860c-2429aa3a24a8 : 0
2025-05-15 22:11:49 [INFO]: ✅ Données utilisateur final :
2025-05-15 22:11:49 [INFO]: ✅ Données utilisateur récupérées :
2025-05-15 22:11:49 [INFO]: [GET] /user/me
2025-05-15 22:11:49 [INFO]: 🔑 Token reçu :
2025-05-15 22:11:49 [INFO]: 🔓 Token valide, utilisateur authentifié avec rôle :
2025-05-15 22:11:49 [INFO]: ✅ Nombre de licences pour l'utilisateur 08aac309-cd9f-41cb-860c-2429aa3a24a8 : 0
2025-05-15 22:11:49 [INFO]: ✅ Données utilisateur final :
2025-05-15 22:11:49 [INFO]: ✅ Données utilisateur récupérées :
2025-05-15 22:12:36 [INFO]: [GET] /user
2025-05-15 22:12:36 [INFO]: 🔑 Token reçu :
2025-05-15 22:12:36 [INFO]: 🔓 Token valide, utilisateur authentifié avec rôle :
2025-05-15 22:12:36 [INFO]: ✅ Nombre de licences pour l'utilisateur 08aac309-cd9f-41cb-860c-2429aa3a24a8 : 0
2025-05-15 22:12:36 [INFO]: ✅ Nombre de licences pour l'utilisateur f8097944-4082-4ba4-ac8c-c24fb96dcf4b : 0
2025-05-15 22:12:36 [INFO]: ✅ Nombre de licences pour l'utilisateur fabaef3e-5558-463f-82b3-f72430c1dd2d : 4
2025-05-15 22:12:36 [INFO]: ✅ Liste des utilisateurs avec licences récupérée :
2025-05-15 22:17:42 [INFO]: 🚀 Auth-Backend lancé sur http://localhost:4002
2025-05-15 22:17:46 [INFO]: [GET] /assistant/bots
2025-05-15 22:17:46 [INFO]: [GET] /assistant/bots
2025-05-15 22:17:46 [INFO]: [GET] /assistant/bots
2025-05-15 22:17:46 [INFO]: [GET] /assistant/bots
2025-05-15 22:17:53 [INFO]: [POST] /auth/login
2025-05-15 22:17:56 [INFO]: [GET] /user
2025-05-15 22:17:56 [INFO]: 🔑 Token reçu :
2025-05-15 22:17:56 [INFO]: 🔓 Token valide, utilisateur authentifié avec rôle :
2025-05-15 22:17:56 [INFO]: ✅ Nombre de licences pour l'utilisateur 08aac309-cd9f-41cb-860c-2429aa3a24a8 : 0
2025-05-15 22:17:56 [INFO]: ✅ Nombre de licences pour l'utilisateur fabaef3e-5558-463f-82b3-f72430c1dd2d : 4
2025-05-15 22:17:56 [INFO]: ✅ Nombre de licences pour l'utilisateur f8097944-4082-4ba4-ac8c-c24fb96dcf4b : 0
2025-05-15 22:17:57 [INFO]: ✅ Liste des utilisateurs avec licences récupérée :
2025-05-15 22:17:58 [INFO]: [GET] /assistant/bots
2025-05-15 22:17:58 [INFO]: [GET] /assistant/bots
2025-05-15 22:18:01 [INFO]: [GET] /user/me
2025-05-15 22:18:01 [INFO]: 🔑 Token reçu :
2025-05-15 22:18:01 [INFO]: 🔓 Token valide, utilisateur authentifié avec rôle :
2025-05-15 22:18:01 [INFO]: ✅ Nombre de licences pour l'utilisateur 08aac309-cd9f-41cb-860c-2429aa3a24a8 : 0
2025-05-15 22:18:01 [INFO]: ✅ Données utilisateur final :
2025-05-15 22:18:01 [INFO]: ✅ Données utilisateur récupérées :
2025-05-15 22:18:01 [INFO]: [GET] /user/me
2025-05-15 22:18:01 [INFO]: 🔑 Token reçu :
2025-05-15 22:18:01 [INFO]: 🔓 Token valide, utilisateur authentifié avec rôle :
2025-05-15 22:18:01 [INFO]: ✅ Nombre de licences pour l'utilisateur 08aac309-cd9f-41cb-860c-2429aa3a24a8 : 0
2025-05-15 22:18:01 [INFO]: ✅ Données utilisateur final :
2025-05-15 22:18:01 [INFO]: ✅ Données utilisateur récupérées :
2025-05-15 22:18:04 [INFO]: [GET] /assistant/bots
2025-05-15 22:18:04 [INFO]: [GET] /assistant/bots
2025-05-15 22:18:04 [INFO]: [GET] /assistant/bots
2025-05-15 22:18:04 [INFO]: [GET] /assistant/bots
2025-05-15 22:18:09 [INFO]: [POST] /assistant/ask
2025-05-15 22:18:16 [INFO]: [POST] /assistant/ask
2025-05-15 22:19:04 [INFO]: [POST] /assistant/ask
2025-05-15 22:25:11 [INFO]: [POST] /assistant/ask%0A
2025-05-15 22:26:01 [INFO]: [POST] /assistant/ask
2025-05-15 22:27:08 [INFO]: [GET] /user/me
2025-05-15 22:27:08 [INFO]: 🔑 Token reçu :
2025-05-15 22:27:08 [INFO]: 🔓 Token valide, utilisateur authentifié avec rôle :
2025-05-15 22:27:08 [INFO]: ✅ Nombre de licences pour l'utilisateur 08aac309-cd9f-41cb-860c-2429aa3a24a8 : 0
2025-05-15 22:27:08 [INFO]: ✅ Données utilisateur final :
2025-05-15 22:27:08 [INFO]: ✅ Données utilisateur récupérées :
2025-05-15 22:27:08 [INFO]: [GET] /user/me
2025-05-15 22:27:08 [INFO]: 🔑 Token reçu :
2025-05-15 22:27:08 [INFO]: 🔓 Token valide, utilisateur authentifié avec rôle :
2025-05-15 22:27:08 [INFO]: ✅ Nombre de licences pour l'utilisateur 08aac309-cd9f-41cb-860c-2429aa3a24a8 : 0
2025-05-15 22:27:08 [INFO]: ✅ Données utilisateur final :
2025-05-15 22:27:08 [INFO]: ✅ Données utilisateur récupérées :
2025-05-15 22:27:53 [INFO]: 🚀 Auth-Backend lancé sur http://localhost:4002
2025-05-15 22:28:02 [INFO]: [POST] /auth/login
2025-05-15 22:28:04 [INFO]: [GET] /user
2025-05-15 22:28:04 [INFO]: 🔑 Token reçu :
2025-05-15 22:28:04 [INFO]: 🔓 Token valide, utilisateur authentifié avec rôle :
2025-05-15 22:28:04 [INFO]: ✅ Nombre de licences pour l'utilisateur 08aac309-cd9f-41cb-860c-2429aa3a24a8 : 0
2025-05-15 22:28:04 [INFO]: ✅ Nombre de licences pour l'utilisateur f8097944-4082-4ba4-ac8c-c24fb96dcf4b : 0
2025-05-15 22:28:04 [INFO]: ✅ Nombre de licences pour l'utilisateur fabaef3e-5558-463f-82b3-f72430c1dd2d : 4
2025-05-15 22:28:04 [INFO]: ✅ Liste des utilisateurs avec licences récupérée :
2025-05-15 22:28:06 [INFO]: [GET] /assistant/bots
2025-05-15 22:28:06 [INFO]: [GET] /assistant/bots
2025-05-15 22:28:07 [INFO]: [GET] /assistant/bots
2025-05-15 22:28:07 [INFO]: [GET] /assistant/bots
2025-05-15 22:28:07 [INFO]: [GET] /assistant/bots
2025-05-15 22:28:07 [INFO]: [GET] /assistant/bots
2025-05-15 22:28:11 [INFO]: [POST] /assistant/ask
2025-05-15 22:28:17 [INFO]: [POST] /assistant/ask
2025-05-15 22:31:01 [INFO]: 🚀 Auth-Backend lancé sur http://localhost:4002
2025-05-15 22:31:09 [INFO]: [POST] /auth/login
2025-05-15 22:31:12 [INFO]: [GET] /user
2025-05-15 22:31:12 [INFO]: 🔑 Token reçu :
2025-05-15 22:31:12 [INFO]: 🔓 Token valide, utilisateur authentifié avec rôle :
2025-05-15 22:31:12 [INFO]: ✅ Nombre de licences pour l'utilisateur 08aac309-cd9f-41cb-860c-2429aa3a24a8 : 0
2025-05-15 22:31:12 [INFO]: ✅ Nombre de licences pour l'utilisateur fabaef3e-5558-463f-82b3-f72430c1dd2d : 4
2025-05-15 22:31:12 [INFO]: ✅ Nombre de licences pour l'utilisateur f8097944-4082-4ba4-ac8c-c24fb96dcf4b : 0
2025-05-15 22:31:12 [INFO]: ✅ Liste des utilisateurs avec licences récupérée :
2025-05-15 22:31:13 [INFO]: [GET] /assistant/bots
2025-05-15 22:31:14 [INFO]: [GET] /assistant/bots
2025-05-15 22:31:28 [INFO]: [GET] /assistant/bots
2025-05-15 22:31:28 [INFO]: [GET] /assistant/bots
2025-05-15 22:31:28 [INFO]: [GET] /assistant/bots
2025-05-15 22:31:28 [INFO]: [GET] /assistant/bots
2025-05-15 22:31:33 [INFO]: [POST] /assistant/ask
2025-05-15 22:31:41 [INFO]: [POST] /assistant/ask
2025-05-15 22:41:11 [INFO]: 🚀 Auth-Backend lancé sur http://localhost:4002
2025-05-15 22:42:37 [INFO]: 🚀 Auth-Backend lancé sur http://localhost:4002
2025-05-15 22:42:44 [INFO]: [POST] /auth/login
2025-05-15 22:42:47 [INFO]: [GET] /user
2025-05-15 22:42:47 [INFO]: 🔑 Token reçu :
2025-05-15 22:42:47 [INFO]: 🔓 Token valide, utilisateur authentifié avec rôle :
2025-05-15 22:42:47 [INFO]: ✅ Nombre de licences pour l'utilisateur 08aac309-cd9f-41cb-860c-2429aa3a24a8 : 0
2025-05-15 22:42:47 [INFO]: ✅ Nombre de licences pour l'utilisateur f8097944-4082-4ba4-ac8c-c24fb96dcf4b : 0
2025-05-15 22:42:47 [INFO]: ✅ Nombre de licences pour l'utilisateur fabaef3e-5558-463f-82b3-f72430c1dd2d : 4
2025-05-15 22:42:47 [INFO]: ✅ Liste des utilisateurs avec licences récupérée :
2025-05-15 22:42:49 [INFO]: [GET] /assistant/bots
2025-05-15 22:42:49 [INFO]: [GET] /assistant/bots
2025-05-15 22:42:51 [INFO]: [GET] /assistant/bots
2025-05-15 22:42:51 [INFO]: [GET] /assistant/bots
2025-05-15 22:42:51 [INFO]: [GET] /assistant/bots
2025-05-15 22:42:51 [INFO]: [GET] /assistant/bots
2025-05-15 22:42:56 [INFO]: [POST] /assistant/ask
2025-05-15 22:43:02 [INFO]: [POST] /assistant/ask
2025-05-15 22:45:39 [INFO]: 🚀 Auth-Backend lancé sur http://localhost:4002
2025-05-15 22:45:51 [INFO]: [POST] /auth/login
2025-05-15 22:45:53 [INFO]: [GET] /user
2025-05-15 22:45:53 [INFO]: 🔑 Token reçu :
2025-05-15 22:45:53 [INFO]: 🔓 Token valide, utilisateur authentifié avec rôle :
2025-05-15 22:45:53 [INFO]: ✅ Nombre de licences pour l'utilisateur 08aac309-cd9f-41cb-860c-2429aa3a24a8 : 0
2025-05-15 22:45:53 [INFO]: ✅ Nombre de licences pour l'utilisateur fabaef3e-5558-463f-82b3-f72430c1dd2d : 4
2025-05-15 22:45:53 [INFO]: ✅ Nombre de licences pour l'utilisateur f8097944-4082-4ba4-ac8c-c24fb96dcf4b : 0
2025-05-15 22:45:53 [INFO]: ✅ Liste des utilisateurs avec licences récupérée :
2025-05-15 22:45:55 [INFO]: [GET] /assistant/bots
2025-05-15 22:45:55 [INFO]: [GET] /assistant/bots
2025-05-15 22:45:57 [INFO]: [GET] /assistant/bots
2025-05-15 22:45:57 [INFO]: [GET] /assistant/bots
2025-05-15 22:45:57 [INFO]: [GET] /assistant/bots
2025-05-15 22:45:58 [INFO]: [GET] /assistant/bots
2025-05-15 22:46:01 [INFO]: [POST] /assistant/ask
2025-05-15 22:46:06 [INFO]: [POST] /assistant/ask
2025-05-15 22:47:26 [INFO]: 🚀 Auth-Backend lancé sur http://localhost:4002
2025-05-15 22:47:38 [INFO]: [POST] /auth/login
2025-05-15 22:47:41 [INFO]: [GET] /user
2025-05-15 22:47:41 [INFO]: 🔑 Token reçu :
2025-05-15 22:47:41 [INFO]: 🔓 Token valide, utilisateur authentifié avec rôle :
2025-05-15 22:47:41 [INFO]: ✅ Nombre de licences pour l'utilisateur 08aac309-cd9f-41cb-860c-2429aa3a24a8 : 0
2025-05-15 22:47:41 [INFO]: ✅ Nombre de licences pour l'utilisateur f8097944-4082-4ba4-ac8c-c24fb96dcf4b : 0
2025-05-15 22:47:41 [INFO]: ✅ Nombre de licences pour l'utilisateur fabaef3e-5558-463f-82b3-f72430c1dd2d : 4
2025-05-15 22:47:41 [INFO]: ✅ Liste des utilisateurs avec licences récupérée :
2025-05-15 22:47:44 [INFO]: [GET] /assistant/bots
2025-05-15 22:47:44 [INFO]: [GET] /assistant/bots
2025-05-15 22:47:48 [INFO]: [GET] /user/me
2025-05-15 22:47:48 [INFO]: 🔑 Token reçu :
2025-05-15 22:47:48 [INFO]: 🔓 Token valide, utilisateur authentifié avec rôle :
2025-05-15 22:47:48 [INFO]: ✅ Nombre de licences pour l'utilisateur 08aac309-cd9f-41cb-860c-2429aa3a24a8 : 0
2025-05-15 22:47:48 [INFO]: ✅ Données utilisateur final :
2025-05-15 22:47:48 [INFO]: ✅ Données utilisateur récupérées :
2025-05-15 22:47:48 [INFO]: [GET] /user/me
2025-05-15 22:47:48 [INFO]: 🔑 Token reçu :
2025-05-15 22:47:48 [INFO]: 🔓 Token valide, utilisateur authentifié avec rôle :
2025-05-15 22:47:48 [INFO]: ✅ Nombre de licences pour l'utilisateur 08aac309-cd9f-41cb-860c-2429aa3a24a8 : 0
2025-05-15 22:47:48 [INFO]: ✅ Données utilisateur final :
2025-05-15 22:47:48 [INFO]: ✅ Données utilisateur récupérées :
2025-05-15 22:47:52 [INFO]: [GET] /assistant/bots
2025-05-15 22:47:52 [INFO]: [GET] /assistant/bots
2025-05-15 22:47:52 [INFO]: [GET] /assistant/bots
2025-05-15 22:47:52 [INFO]: [GET] /assistant/bots
2025-05-15 22:47:58 [INFO]: [POST] /assistant/ask
2025-05-15 22:48:08 [INFO]: [POST] /assistant/ask
2025-05-15 22:48:47 [INFO]: [GET] /user/me
2025-05-15 22:48:47 [INFO]: 🔑 Token reçu :
2025-05-15 22:48:47 [INFO]: 🔓 Token valide, utilisateur authentifié avec rôle :
2025-05-15 22:48:47 [INFO]: ✅ Nombre de licences pour l'utilisateur 08aac309-cd9f-41cb-860c-2429aa3a24a8 : 0
2025-05-15 22:48:47 [INFO]: ✅ Données utilisateur final :
2025-05-15 22:48:47 [INFO]: ✅ Données utilisateur récupérées :
2025-05-15 22:48:47 [INFO]: [GET] /user/me
2025-05-15 22:48:47 [INFO]: 🔑 Token reçu :
2025-05-15 22:48:47 [INFO]: 🔓 Token valide, utilisateur authentifié avec rôle :
2025-05-15 22:48:47 [INFO]: ✅ Nombre de licences pour l'utilisateur 08aac309-cd9f-41cb-860c-2429aa3a24a8 : 0
2025-05-15 22:48:47 [INFO]: ✅ Données utilisateur final :
2025-05-15 22:48:47 [INFO]: ✅ Données utilisateur récupérées :
