2025-05-14 11:15:16 [INFO]: 🚀 Auth-Backend lancé sur http://localhost:4002
2025-05-14 11:18:22 [INFO]: 🚀 Auth-Backend lancé sur http://localhost:4002
2025-05-14 11:18:28 [INFO]: [GET] /user/admin
2025-05-14 11:18:28 [INFO]: 🔑 Token reçu :
2025-05-14 11:18:28 [INFO]: 🔓 Token valide, utilisateur authentifié :
2025-05-14 11:18:28 [INFO]: 📥 Requête reçue sur /user/admin
2025-05-14 11:18:29 [INFO]: ✅ Utilisateurs récupérés depuis Supabase :
2025-05-14 11:18:31 [INFO]: [GET] /assistant/bots
2025-05-14 11:18:31 [INFO]: [GET] /assistant/bots
2025-05-14 11:18:33 [INFO]: [GET] /assistant/bots
2025-05-14 11:18:33 [INFO]: [GET] /bots
2025-05-14 11:18:33 [INFO]: [GET] /bots
2025-05-14 11:18:33 [INFO]: [GET] /assistant/bots
2025-05-14 11:18:49 [INFO]: [POST] /assistant/ask
2025-05-14 11:19:08 [INFO]: [POST] /assistant/ask
2025-05-14 11:19:32 [INFO]: [GET] /user
2025-05-14 11:19:32 [INFO]: 🔑 Token reçu :
2025-05-14 11:19:32 [ERROR]: 🚫 Erreur de vérification du token :
2025-05-14 11:19:32 [INFO]: [GET] /user
2025-05-14 11:19:32 [INFO]: 🔑 Token reçu :
2025-05-14 11:19:32 [ERROR]: 🚫 Erreur de vérification du token :
2025-05-14 11:19:53 [INFO]: [GET] /assistant/bots
2025-05-14 11:19:53 [INFO]: [GET] /assistant/bots
2025-05-14 11:20:25 [INFO]: [GET] /assistant/bots
2025-05-14 11:20:25 [INFO]: [GET] /assistant/bots
2025-05-14 11:20:30 [INFO]: [GET] /assistant/bots
2025-05-14 11:20:30 [INFO]: [GET] /bots
2025-05-14 11:20:30 [INFO]: [GET] /bots
2025-05-14 11:20:30 [INFO]: [GET] /assistant/bots
2025-05-14 11:20:33 [INFO]: [POST] /assistant/ask
2025-05-14 11:21:01 [INFO]: [POST] /assistant/ask
2025-05-14 11:21:46 [INFO]: [GET] /user
2025-05-14 11:21:46 [INFO]: 🔑 Token reçu :
2025-05-14 11:21:46 [ERROR]: 🚫 Erreur de vérification du token :
2025-05-14 11:21:46 [INFO]: [GET] /user
2025-05-14 11:21:46 [INFO]: 🔑 Token reçu :
2025-05-14 11:21:46 [ERROR]: 🚫 Erreur de vérification du token :
2025-05-14 11:29:01 [INFO]: [GET] /assistant/bots
2025-05-14 11:29:01 [INFO]: [GET] /bots
2025-05-14 11:29:01 [INFO]: [GET] /bots
2025-05-14 11:29:01 [INFO]: [GET] /assistant/bots
2025-05-14 11:29:04 [INFO]: [POST] /assistant/ask
2025-05-14 11:29:20 [INFO]: 🚀 Auth-Backend lancé sur http://localhost:4002
2025-05-14 11:29:37 [INFO]: [GET] /assistant/bots
2025-05-14 11:29:37 [INFO]: [GET] /bots
2025-05-14 11:29:37 [INFO]: [GET] /bots
2025-05-14 11:29:37 [INFO]: [GET] /assistant/bots
2025-05-14 11:29:41 [INFO]: [POST] /assistant/ask
2025-05-14 11:29:44 [INFO]: [GET] /user
2025-05-14 11:29:44 [INFO]: 🔑 Token reçu :
2025-05-14 11:29:44 [ERROR]: 🚫 Erreur de vérification du token :
2025-05-14 11:29:44 [INFO]: [GET] /user
2025-05-14 11:29:44 [INFO]: 🔑 Token reçu :
2025-05-14 11:29:44 [ERROR]: 🚫 Erreur de vérification du token :
2025-05-14 11:29:50 [INFO]: [GET] /user/admin
2025-05-14 11:29:50 [INFO]: 🔑 Token reçu :
2025-05-14 11:29:50 [INFO]: 🔓 Token valide, utilisateur authentifié :
2025-05-14 11:29:50 [INFO]: 📥 Requête reçue sur /user/admin
2025-05-14 11:29:50 [INFO]: ✅ Utilisateurs récupérés depuis Supabase :
2025-05-14 11:29:56 [INFO]: [GET] /assistant/bots
2025-05-14 11:29:56 [INFO]: [GET] /assistant/bots
2025-05-14 11:33:12 [INFO]: [GET] /assistant/bots
2025-05-14 11:33:12 [INFO]: [GET] /assistant/bots
2025-05-14 11:33:15 [INFO]: [GET] /assistant/bots
2025-05-14 11:33:15 [INFO]: [GET] /bots
2025-05-14 11:33:15 [INFO]: [GET] /bots
2025-05-14 11:33:15 [INFO]: [GET] /assistant/bots
2025-05-14 11:33:17 [INFO]: [POST] /assistant/ask
2025-05-14 11:33:22 [INFO]: [GET] /user/admin
2025-05-14 11:33:22 [INFO]: 🔑 Token reçu :
2025-05-14 11:33:22 [INFO]: 🔓 Token valide, utilisateur authentifié :
2025-05-14 11:33:22 [INFO]: 📥 Requête reçue sur /user/admin
2025-05-14 11:33:22 [INFO]: ✅ Utilisateurs récupérés depuis Supabase :
2025-05-14 11:33:24 [INFO]: [GET] /assistant/bots
2025-05-14 11:33:24 [INFO]: [GET] /assistant/bots
2025-05-14 11:33:34 [INFO]: [POST] /auth/login
2025-05-14 11:33:34 [INFO]: [GET] /assistant/bots
2025-05-14 11:33:34 [INFO]: [GET] /assistant/bots
2025-05-14 11:33:40 [INFO]: [POST] /auth/login
2025-05-14 11:33:40 [INFO]: [GET] /assistant/bots
2025-05-14 11:33:40 [INFO]: [GET] /assistant/bots
2025-05-14 11:33:42 [INFO]: [GET] /bots
2025-05-14 11:33:42 [INFO]: [GET] /assistant/bots
2025-05-14 11:33:42 [INFO]: [GET] /bots
2025-05-14 11:33:42 [INFO]: [GET] /assistant/bots
2025-05-14 11:33:48 [INFO]: [POST] /assistant/ask
2025-05-14 11:33:51 [INFO]: [GET] /user
2025-05-14 11:33:51 [INFO]: 🔑 Token reçu :
2025-05-14 11:33:51 [ERROR]: 🚫 Erreur de vérification du token :
2025-05-14 11:33:51 [INFO]: [GET] /user
2025-05-14 11:33:51 [INFO]: 🔑 Token reçu :
2025-05-14 11:33:51 [ERROR]: 🚫 Erreur de vérification du token :
2025-05-14 11:34:02 [INFO]: [POST] /auth/login
2025-05-14 11:34:03 [INFO]: [GET] /user/admin
2025-05-14 11:34:03 [INFO]: 🔑 Token reçu :
2025-05-14 11:34:03 [INFO]: 🔓 Token valide, utilisateur authentifié :
2025-05-14 11:34:03 [INFO]: 📥 Requête reçue sur /user/admin
2025-05-14 11:34:04 [INFO]: ✅ Utilisateurs récupérés depuis Supabase :
2025-05-14 11:34:05 [INFO]: [GET] /assistant/bots
2025-05-14 11:34:05 [INFO]: [GET] /assistant/bots
2025-05-14 11:34:32 [INFO]: [GET] /assistant/bots
2025-05-14 11:34:32 [INFO]: [GET] /assistant/bots
2025-05-14 11:44:50 [INFO]: [POST] /auth/login
2025-05-14 11:44:53 [INFO]: [GET] /user/admin
2025-05-14 11:44:53 [INFO]: 🔑 Token reçu :
2025-05-14 11:44:53 [INFO]: 🔓 Token valide, utilisateur authentifié :
2025-05-14 11:44:53 [INFO]: 📥 Requête reçue sur /user/admin
2025-05-14 11:44:53 [INFO]: ✅ Utilisateurs récupérés depuis Supabase :
2025-05-14 11:44:54 [INFO]: [GET] /assistant/bots
2025-05-14 11:44:54 [INFO]: [GET] /assistant/bots
2025-05-14 11:44:56 [INFO]: [GET] /assistant/bots
2025-05-14 11:44:56 [INFO]: [GET] /bots
2025-05-14 11:44:56 [INFO]: [GET] /bots
2025-05-14 11:44:56 [INFO]: [GET] /assistant/bots
2025-05-14 11:44:59 [INFO]: [POST] /assistant/ask
2025-05-14 11:45:11 [INFO]: [GET] /user
2025-05-14 11:45:11 [INFO]: 🔑 Token reçu :
2025-05-14 11:45:11 [ERROR]: 🚫 Erreur de vérification du token :
2025-05-14 11:45:11 [INFO]: [GET] /user
2025-05-14 11:45:11 [INFO]: 🔑 Token reçu :
2025-05-14 11:45:11 [ERROR]: 🚫 Erreur de vérification du token :
2025-05-14 11:45:32 [INFO]: [GET] /user
2025-05-14 11:45:32 [INFO]: 🔑 Token reçu :
2025-05-14 11:45:32 [ERROR]: 🚫 Erreur de vérification du token :
2025-05-14 11:45:32 [INFO]: [GET] /user
2025-05-14 11:45:32 [INFO]: 🔑 Token reçu :
2025-05-14 11:45:32 [ERROR]: 🚫 Erreur de vérification du token :
